2021-05-04 02:18:27,792 [DEBUG] (BaseJdbcLogger.java:143)- ==> Parameters: d2af06fb600b4641ba6292871359bcb7(String), 51a5f5684212455098b8ce270a448ef5(String), 6a9d25911e364b88805edaf1008b6cda(String), 51a5f5684212455098b8ce270a448ef5(String), d2af06fb600b4641ba6292871359bcb7(String), 6a9d25911e364b88805edaf1008b6cda(String)
2021-05-04 02:18:27,797 [DEBUG] (BaseJdbcLogger.java:143)- <==      Total: 4
2021-05-04 02:18:27,797 [INFO] (WebSocketController.java:146)- ====== getAllWeChatItemById ==== 返回数据{"toUuid":"51a5f5684212455098b8ce270a448ef5","data":[{"fromUuid":"d2af06fb600b4641ba6292871359bcb7","id":105,"messageContent":"aaa","messageType":0,"oid":"6a9d25911e364b88805edaf1008b6cda","status":0,"time":1620057032000,"toUuid":"51a5f5684212455098b8ce270a448ef5"},{"fromUuid":"d2af06fb600b4641ba6292871359bcb7","id":106,"messageContent":"bbbb","messageType":0,"oid":"6a9d25911e364b88805edaf1008b6cda","status":0,"time":1620057034000,"toUuid":"51a5f5684212455098b8ce270a448ef5"},{"fromUuid":"d2af06fb600b4641ba6292871359bcb7","id":107,"messageContent":"aaaa","messageType":0,"oid":"6a9d25911e364b88805edaf1008b6cda","status":0,"time":1620057036000,"toUuid":"51a5f5684212455098b8ce270a448ef5"},{"fromUuid":"d2af06fb600b4641ba6292871359bcb7","id":108,"messageContent":"aaaaa","messageType":0,"oid":"6a9d25911e364b88805edaf1008b6cda","status":0,"time":1620057038000,"toUuid":"51a5f5684212455098b8ce270a448ef5"}],"fromUuid":"d2af06fb600b4641ba6292871359bcb7","oid":"6a9d25911e364b88805edaf1008b6cda","type":"returnAllWeChatItemById"}
2021-05-04 02:18:29,735 [DEBUG] (BaseJdbcLogger.java:143)- ==>  Preparing: SELECT id, doctor_id, user_id, create_time, lasting_time, contact, contact_phone, symptom_description,consult_cost,status,oid,user_open_id,doctor_open_id,img_urls FROM consult_order WHERE user_id = ? and doctor_id = ? 
2021-05-04 02:18:29,736 [DEBUG] (BaseJdbcLogger.java:143)- ==> Parameters: 10(Integer), 4(Integer)
2021-05-04 02:18:29,738 [DEBUG] (BaseJdbcLogger.java:143)- <==      Total: 8
2021-05-04 02:18:51,507 [DEBUG] (BaseJdbcLogger.java:143)- ==>  Preparing: SELECT id, doctor_id, user_id, create_time, lasting_time, contact, contact_phone, symptom_description,consult_cost,status,oid,user_open_id,doctor_open_id,img_urls FROM consult_order WHERE user_id = ? and doctor_id = ? 
2021-05-04 02:18:51,508 [DEBUG] (BaseJdbcLogger.java:143)- ==> Parameters: 10(Integer), 4(Integer)
2021-05-04 02:18:51,513 [DEBUG] (BaseJdbcLogger.java:143)- <==      Total: 8
2021-05-04 02:18:51,980 [DEBUG] (BaseJdbcLogger.java:143)- ==>  Preparing: SELECT id, doctor_id, user_id, create_time, lasting_time, contact, contact_phone, symptom_description,consult_cost,status,oid,user_open_id,doctor_open_id,img_urls FROM consult_order WHERE user_id = ? and doctor_id = ? 
2021-05-04 02:18:51,981 [DEBUG] (BaseJdbcLogger.java:143)- ==> Parameters: 10(Integer), 4(Integer)
2021-05-04 02:18:51,982 [DEBUG] (BaseJdbcLogger.java:143)- <==      Total: 8
2021-05-04 02:18:52,439 [DEBUG] (BaseJdbcLogger.java:143)- ==>  Preparing: SELECT id, doctor_id, user_id, create_time, lasting_time, contact, contact_phone, symptom_description,consult_cost,status,oid,user_open_id,doctor_open_id,img_urls FROM consult_order WHERE user_id = ? and doctor_id = ? 
2021-05-04 02:18:52,440 [DEBUG] (BaseJdbcLogger.java:143)- ==> Parameters: 10(Integer), 4(Integer)
2021-05-04 02:18:52,442 [DEBUG] (BaseJdbcLogger.java:143)- <==      Total: 8
2021-05-04 02:18:59,747 [INFO] (WebSocketController.java:102)- [WebSocket] 退出成功，当前连接人数为：=0 当前在线人： {}
2021-05-04 02:19:00,439 [DEBUG] (BaseJdbcLogger.java:143)- ==>  Preparing: select user_id, age, credit_id, pregnant_type, pregnant_week, job, confinement_date, confinement_week, confinement_type, user_name, user_password, user_token, open_id,img_url,uuid from user where user_token = ? 
2021-05-04 02:19:00,440 [DEBUG] (BaseJdbcLogger.java:143)- ==> Parameters: b38d993a3ea844bbbf98f4dfa3499098(String)
2021-05-04 02:19:00,441 [DEBUG] (BaseJdbcLogger.java:143)- <==      Total: 1
2021-05-04 02:19:00,450 [DEBUG] (BaseJdbcLogger.java:143)- ==>  Preparing: select id, user_name, name, img_url, expert_in, imageText_cost, voice_cost, video_cost,open_id,uuid from doctor 
2021-05-04 02:19:00,450 [DEBUG] (BaseJdbcLogger.java:143)- ==> Parameters: 
2021-05-04 02:19:00,451 [DEBUG] (BaseJdbcLogger.java:143)- <==      Total: 4
2021-05-04 02:19:00,897 [INFO] (WebSocketController.java:96)- [WebSocket] 连接成功，当前连接人数:1
2021-05-04 02:19:01,112 [DEBUG] (BaseJdbcLogger.java:143)- ==>  Preparing: select id, title, audioURL, category, cover_url from audio 
2021-05-04 02:19:01,113 [DEBUG] (BaseJdbcLogger.java:143)- ==> Parameters: 
2021-05-04 02:19:01,115 [DEBUG] (BaseJdbcLogger.java:143)- <==      Total: 4
2021-05-04 02:19:01,159 [DEBUG] (BaseJdbcLogger.java:143)- ==>  Preparing: select id, title, vedioURL, cover_url, category, description from vedio 
2021-05-04 02:19:01,161 [DEBUG] (BaseJdbcLogger.java:143)- ==> Parameters: 
2021-05-04 02:19:01,164 [DEBUG] (BaseJdbcLogger.java:143)- <==      Total: 2
2021-05-04 02:19:01,627 [DEBUG] (BaseJdbcLogger.java:143)- ==>  Preparing: select id, title, audioURL, category, cover_url from audio 
2021-05-04 02:19:01,628 [DEBUG] (BaseJdbcLogger.java:143)- ==> Parameters: 
2021-05-04 02:19:01,630 [DEBUG] (BaseJdbcLogger.java:143)- <==      Total: 4
2021-05-04 02:19:01,745 [DEBUG] (BaseJdbcLogger.java:143)- ==>  Preparing: select id, title, vedioURL, cover_url, category, description from vedio 
2021-05-04 02:19:01,746 [DEBUG] (BaseJdbcLogger.java:143)- ==> Parameters: 
2021-05-04 02:19:01,748 [DEBUG] (BaseJdbcLogger.java:143)- <==      Total: 2
2021-05-04 02:19:02,489 [WARN] (HttpUtil.java:58)- === get https://api.weixin.qq.com/sns/jscode2session?grant_type=authorization_code&appid=wxfbebd90d9bf59e52&secret=939f54b21647f5d6bf05feb58ece72bf&js_code=0537V9ll2v9GY64S3Ynl2miPZy27V9l5 同步 success bodyMessage: {"errcode":40029,"errmsg":"invalid code, hints: [ req_id: jABcdiore-wN9g4 ]"}
2021-05-04 02:19:02,489 [DEBUG] (WXUtil.java:214)- === open_id: null===
2021-05-04 02:19:14,187 [INFO] (WebSocketController.java:102)- [WebSocket] 退出成功，当前连接人数为：=0 当前在线人： {}
