2021-05-03 23:48:43,351 [INFO] (StartupInfoLogger.java:50)- Starting BreastApplication on DESKTOP-7CQ9GKB with PID 4548 (D:\wx_project\server\bfbackend\target\classes started by chenqi in D:\wx_project)
2021-05-03 23:48:43,355 [DEBUG] (StartupInfoLogger.java:53)- Running with Spring Boot v2.1.9.RELEASE, Spring v5.1.10.RELEASE
2021-05-03 23:48:43,356 [INFO] (SpringApplication.java:648)- No active profile set, falling back to default profiles: default
2021-05-03 23:48:46,015 [INFO] (StartupInfoLogger.java:59)- Started BreastApplication in 3.149 seconds (JVM running for 3.951)
2021-05-03 23:49:21,164 [WARN] (HttpUtil.java:58)- === get https://api.weixin.qq.com/sns/jscode2session?grant_type=authorization_code&appid=wxfbebd90d9bf59e52&secret=939f54b21647f5d6bf05feb58ece72bf&js_code=013d87000ztGDL1IPS000gLr8x3d870y 同步 success bodyMessage: {"errcode":40029,"errmsg":"invalid code, hints: [ req_id: ylbcrsore-thqCuA ]"}
2021-05-03 23:49:21,165 [DEBUG] (WXUtil.java:214)- === open_id: null===
2021-05-03 23:49:45,969 [INFO] (StartupInfoLogger.java:50)- Starting BreastApplication on DESKTOP-7CQ9GKB with PID 18032 (D:\wx_project\server\bfbackend\target\classes started by chenqi in D:\wx_project)
2021-05-03 23:49:45,973 [DEBUG] (StartupInfoLogger.java:53)- Running with Spring Boot v2.1.9.RELEASE, Spring v5.1.10.RELEASE
2021-05-03 23:49:45,974 [INFO] (SpringApplication.java:648)- No active profile set, falling back to default profiles: default
2021-05-03 23:49:48,948 [INFO] (StartupInfoLogger.java:59)- Started BreastApplication in 3.409 seconds (JVM running for 4.343)
2021-05-03 23:50:01,061 [DEBUG] (BaseJdbcLogger.java:143)- ==>  Preparing: select id, user_name, name, img_url, expert_in, imageText_cost, voice_cost, video_cost,open_id,uuid from doctor 
2021-05-03 23:50:01,095 [DEBUG] (BaseJdbcLogger.java:143)- ==> Parameters: 
2021-05-03 23:50:01,104 [DEBUG] (BaseJdbcLogger.java:143)- ==>  Preparing: select id, title, vedioURL, cover_url, category, description from vedio 
2021-05-03 23:50:01,105 [DEBUG] (BaseJdbcLogger.java:143)- ==> Parameters: 
2021-05-03 23:50:01,147 [DEBUG] (BaseJdbcLogger.java:143)- ==>  Preparing: select id, title, audioURL, category, cover_url from audio 
2021-05-03 23:50:01,148 [DEBUG] (BaseJdbcLogger.java:143)- ==> Parameters: 
2021-05-03 23:50:01,197 [DEBUG] (BaseJdbcLogger.java:143)- ==>  Preparing: select id, title, description, img_url, category from article 
2021-05-03 23:50:01,198 [DEBUG] (BaseJdbcLogger.java:143)- ==> Parameters: 
2021-05-03 23:50:01,340 [DEBUG] (BaseJdbcLogger.java:143)- <==      Total: 3
2021-05-03 23:50:01,340 [DEBUG] (BaseJdbcLogger.java:143)- <==      Total: 2
2021-05-03 23:50:01,341 [DEBUG] (BaseJdbcLogger.java:143)- <==      Total: 4
2021-05-03 23:50:01,342 [DEBUG] (BaseJdbcLogger.java:143)- <==      Total: 4
2021-05-03 23:50:01,442 [DEBUG] (BaseJdbcLogger.java:143)- ==>  Preparing: select id, title, audioURL, category, cover_url from audio 
2021-05-03 23:50:01,443 [DEBUG] (BaseJdbcLogger.java:143)- ==> Parameters: 
2021-05-03 23:50:01,445 [DEBUG] (BaseJdbcLogger.java:143)- ==>  Preparing: select id, title, vedioURL, cover_url, category, description from vedio 
2021-05-03 23:50:01,446 [DEBUG] (BaseJdbcLogger.java:143)- <==      Total: 4
2021-05-03 23:50:01,448 [DEBUG] (BaseJdbcLogger.java:143)- ==> Parameters: 
2021-05-03 23:50:01,450 [DEBUG] (BaseJdbcLogger.java:143)- <==      Total: 2
2021-05-03 23:50:01,982 [WARN] (HttpUtil.java:58)- === get https://api.weixin.qq.com/sns/jscode2session?grant_type=authorization_code&appid=wxfbebd90d9bf59e52&secret=939f54b21647f5d6bf05feb58ece72bf&js_code=003euqFa1JanYA0l1RHa1zX6Kr1euqFC 同步 success bodyMessage: {"errcode":40029,"errmsg":"invalid code, hints: [ req_id: Ylbcpf4FE-TkY5Ga ]"}
2021-05-03 23:50:01,982 [DEBUG] (WXUtil.java:214)- === open_id: null===
2021-05-03 23:50:13,442 [DEBUG] (BaseJdbcLogger.java:143)- ==>  Preparing: select user_id, age, credit_id, pregnant_type, pregnant_week, job, confinement_date, confinement_week, confinement_type, user_name, user_password, user_token, open_id,img_url,uuid from user where user_name = ? 
2021-05-03 23:50:13,444 [DEBUG] (BaseJdbcLogger.java:143)- ==> Parameters: user10(String)
2021-05-03 23:50:13,467 [DEBUG] (BaseJdbcLogger.java:143)- <==      Total: 1
2021-05-03 23:50:14,099 [INFO] (WebSocketController.java:96)- [WebSocket] 连接成功，当前连接人数:1
2021-05-03 23:50:14,686 [DEBUG] (BaseJdbcLogger.java:143)- ==>  Preparing: select id, title, audioURL, category, cover_url from audio 
2021-05-03 23:50:14,688 [DEBUG] (BaseJdbcLogger.java:143)- ==> Parameters: 
2021-05-03 23:50:14,694 [DEBUG] (BaseJdbcLogger.java:143)- <==      Total: 4
2021-05-03 23:50:14,724 [DEBUG] (BaseJdbcLogger.java:143)- ==>  Preparing: select id, title, vedioURL, cover_url, category, description from vedio 
2021-05-03 23:50:14,725 [DEBUG] (BaseJdbcLogger.java:143)- ==> Parameters: 
2021-05-03 23:50:14,731 [DEBUG] (BaseJdbcLogger.java:143)- <==      Total: 2
2021-05-03 23:50:14,915 [DEBUG] (BaseJdbcLogger.java:143)- ==>  Preparing: select id, title, audioURL, category, cover_url from audio 
2021-05-03 23:50:14,916 [DEBUG] (BaseJdbcLogger.java:143)- ==> Parameters: 
2021-05-03 23:50:14,920 [DEBUG] (BaseJdbcLogger.java:143)- <==      Total: 4
2021-05-03 23:50:14,942 [DEBUG] (BaseJdbcLogger.java:143)- ==>  Preparing: select id, title, vedioURL, cover_url, category, description from vedio 
2021-05-03 23:50:14,943 [DEBUG] (BaseJdbcLogger.java:143)- ==> Parameters: 
2021-05-03 23:50:14,947 [DEBUG] (BaseJdbcLogger.java:143)- <==      Total: 2
2021-05-03 23:50:20,672 [DEBUG] (BaseJdbcLogger.java:143)- ==>  Preparing: SELECT id, doctor_id, user_id, create_time, lasting_time, contact, contact_phone, symptom_description,consult_cost,status,oid,user_open_id,doctor_open_id,img_urls FROM consult_order WHERE user_id = ? and doctor_id = ? 
2021-05-03 23:50:20,673 [DEBUG] (BaseJdbcLogger.java:143)- ==> Parameters: 10(Integer), 4(Integer)
2021-05-03 23:50:20,699 [DEBUG] (BaseJdbcLogger.java:143)- <==      Total: 7
2021-05-03 23:50:20,813 [DEBUG] (BaseJdbcLogger.java:143)- ==>  Preparing: select * from consult_order where oid = ? 
2021-05-03 23:50:20,815 [DEBUG] (BaseJdbcLogger.java:143)- ==> Parameters: 05a934a56ee1424793f6fe29bab2e587(String)
2021-05-03 23:50:20,819 [DEBUG] (BaseJdbcLogger.java:143)- <==      Total: 1
2021-05-03 23:50:28,417 [INFO] (ConsultOrderController.java:81)- === AddConsultOrder:ConsultOrder{id=null, doctorId=4, userId=10, createTime=Mon May 03 23:50:28 CST 2021, lastingTime=86400000, contact='cq', contactPhone='13169383163', symptomDescription='wu', user=null, doctor=null, consultCost=5, status=null, oid='6a9d25911e364b88805edaf1008b6cda', userOpenId='null', doctorOpenId='null', imgUrls=''} ===
2021-05-03 23:50:28,418 [DEBUG] (BaseJdbcLogger.java:143)- ==>  Preparing: insert into consult_order (id, doctor_id, user_id, create_time, lasting_time, contact, contact_phone, symptom_description,consult_cost,status,oid,user_open_id,doctor_open_id,img_urls ) values (?, ?, ?, ?, ?, ?, ?, ?, ?,?,?, ?,?,? ) 
2021-05-03 23:50:28,422 [DEBUG] (BaseJdbcLogger.java:143)- ==> Parameters: null, 4(Integer), 10(Integer), 2021-05-03 23:50:28.0(Timestamp), 86400000(Integer), cq(String), 13169383163(String), wu(String), 5(Integer), null, 6a9d25911e364b88805edaf1008b6cda(String), null(String), null(String), (String)
2021-05-03 23:50:28,453 [DEBUG] (BaseJdbcLogger.java:143)- <==    Updates: 1
2021-05-03 23:50:28,544 [INFO] (WebSocketController.java:107)- [WebSocket] 收到消息：{"type":"getAllWeChatItemById","toUuid":"51a5f5684212455098b8ce270a448ef5","fromUuid":"d2af06fb600b4641ba6292871359bcb7","oid":"6a9d25911e364b88805edaf1008b6cda"}
2021-05-03 23:50:28,546 [INFO] (WebSocketController.java:123)- ==== websocket接收消息:{"type":"getAllWeChatItemById","toUuid":"51a5f5684212455098b8ce270a448ef5","fromUuid":"d2af06fb600b4641ba6292871359bcb7","oid":"6a9d25911e364b88805edaf1008b6cda"}
2021-05-03 23:50:28,547 [DEBUG] (BaseJdbcLogger.java:143)- ==>  Preparing: select id, from_uuid, to_uuid, message_type, message_content, time,oid,status from wechat_message_item where from_uuid = ? and to_uuid = ? and oid = ? or from_uuid = ? and to_uuid = ? and oid = ? 
2021-05-03 23:50:28,548 [DEBUG] (BaseJdbcLogger.java:143)- ==> Parameters: d2af06fb600b4641ba6292871359bcb7(String), 51a5f5684212455098b8ce270a448ef5(String), 6a9d25911e364b88805edaf1008b6cda(String), 51a5f5684212455098b8ce270a448ef5(String), d2af06fb600b4641ba6292871359bcb7(String), 6a9d25911e364b88805edaf1008b6cda(String)
2021-05-03 23:50:28,557 [DEBUG] (BaseJdbcLogger.java:143)- <==      Total: 0
2021-05-03 23:50:28,562 [INFO] (WebSocketController.java:146)- ====== getAllWeChatItemById ==== 返回数据{"toUuid":"51a5f5684212455098b8ce270a448ef5","data":[],"fromUuid":"d2af06fb600b4641ba6292871359bcb7","oid":"6a9d25911e364b88805edaf1008b6cda","type":"returnAllWeChatItemById"}
2021-05-03 23:50:32,233 [INFO] (WebSocketController.java:107)- [WebSocket] 收到消息：{"type":"sendWeChatItemToOther","sendObject":"user","fromUuid":"d2af06fb600b4641ba6292871359bcb7","toUuid":"51a5f5684212455098b8ce270a448ef5","messageType":0,"messageContent":"aaa","time":"2021-05-03 23:50:32","oid":"6a9d25911e364b88805edaf1008b6cda"}
2021-05-03 23:50:32,234 [INFO] (WebSocketController.java:123)- ==== websocket接收消息:{"type":"sendWeChatItemToOther","sendObject":"user","fromUuid":"d2af06fb600b4641ba6292871359bcb7","toUuid":"51a5f5684212455098b8ce270a448ef5","messageType":0,"messageContent":"aaa","time":"2021-05-03 23:50:32","oid":"6a9d25911e364b88805edaf1008b6cda"}
2021-05-03 23:50:32,237 [DEBUG] (BaseJdbcLogger.java:143)- ==>  Preparing: insert into wechat_message_item (id, from_uuid, to_uuid, message_type, message_content, time,oid,status ) values (?, ?, ?, ?, ?, ?, ?,? ) 
2021-05-03 23:50:32,240 [DEBUG] (BaseJdbcLogger.java:143)- ==> Parameters: null, d2af06fb600b4641ba6292871359bcb7(String), 51a5f5684212455098b8ce270a448ef5(String), 0(Integer), aaa(String), 2021-05-03 23:50:32.0(Timestamp), 6a9d25911e364b88805edaf1008b6cda(String), 0(Integer)
2021-05-03 23:50:32,253 [DEBUG] (BaseJdbcLogger.java:143)- <==    Updates: 1
2021-05-03 23:50:32,259 [INFO] (WebSocketController.java:181)- ===== 将weCharItem插入数据库后是否成功设置主键 ====WeChatMessageItem{id=105, fromUuid='d2af06fb600b4641ba6292871359bcb7', toUuid='51a5f5684212455098b8ce270a448ef5', messageType=0, messageContent='aaa', time=Mon May 03 23:50:32 CST 2021, oid='6a9d25911e364b88805edaf1008b6cda', status=0}
2021-05-03 23:50:33,605 [WARN] (HttpUtil.java:58)- === get https://api.weixin.qq.com/cgi-bin/token?grant_type=client_credential&appid=wxfbebd90d9bf59e52&secret=939f54b21647f5d6bf05feb58ece72bf 同步 success bodyMessage: {"access_token":"44_nFkf3ewB5in82APE-FWvjYqzPsN-aB9XMj__g8VHCPeQCfAhIvl6lRkxTfcFhhxM0hj9LUPeyejIJUWkf6aV7t8BreoYM3edp3VRb9O1bh6baAUdB_z2PXCDq7MgQuVeIS4KQbanDtHwJVZbFXPcAAABTL","expires_in":7200}
2021-05-03 23:50:33,605 [DEBUG] (WXUtil.java:161)- === 微信access_token: 44_nFkf3ewB5in82APE-FWvjYqzPsN-aB9XMj__g8VHCPeQCfAhIvl6lRkxTfcFhhxM0hj9LUPeyejIJUWkf6aV7t8BreoYM3edp3VRb9O1bh6baAUdB_z2PXCDq7MgQuVeIS4KQbanDtHwJVZbFXPcAAABTL===
2021-05-03 23:50:33,899 [WARN] (HttpUtil.java:113)- === post https://api.weixin.qq.com/cgi-bin/message/subscribe/send?access_token=44_nFkf3ewB5in82APE-FWvjYqzPsN-aB9XMj__g8VHCPeQCfAhIvl6lRkxTfcFhhxM0hj9LUPeyejIJUWkf6aV7t8BreoYM3edp3VRb9O1bh6baAUdB_z2PXCDq7MgQuVeIS4KQbanDtHwJVZbFXPcAAABTL 同步 success bodyMessage: {"errcode":40003,"errmsg":"invalid openid rid: 60901bca-42637863-35644501"}
2021-05-03 23:50:33,901 [ERROR] (GlobalException.java:40)- 错误消息:消息通知发送失败!
2021-05-03 23:50:34,095 [INFO] (WebSocketController.java:107)- [WebSocket] 收到消息：{"type":"sendWeChatItemToOther","sendObject":"user","fromUuid":"d2af06fb600b4641ba6292871359bcb7","toUuid":"51a5f5684212455098b8ce270a448ef5","messageType":0,"messageContent":"bbbb","time":"2021-05-03 23:50:34","oid":"6a9d25911e364b88805edaf1008b6cda"}
2021-05-03 23:50:34,096 [INFO] (WebSocketController.java:123)- ==== websocket接收消息:{"type":"sendWeChatItemToOther","sendObject":"user","fromUuid":"d2af06fb600b4641ba6292871359bcb7","toUuid":"51a5f5684212455098b8ce270a448ef5","messageType":0,"messageContent":"bbbb","time":"2021-05-03 23:50:34","oid":"6a9d25911e364b88805edaf1008b6cda"}
2021-05-03 23:50:34,097 [DEBUG] (BaseJdbcLogger.java:143)- ==>  Preparing: insert into wechat_message_item (id, from_uuid, to_uuid, message_type, message_content, time,oid,status ) values (?, ?, ?, ?, ?, ?, ?,? ) 
2021-05-03 23:50:34,099 [DEBUG] (BaseJdbcLogger.java:143)- ==> Parameters: null, d2af06fb600b4641ba6292871359bcb7(String), 51a5f5684212455098b8ce270a448ef5(String), 0(Integer), bbbb(String), 2021-05-03 23:50:34.0(Timestamp), 6a9d25911e364b88805edaf1008b6cda(String), 0(Integer)
2021-05-03 23:50:34,105 [DEBUG] (BaseJdbcLogger.java:143)- <==    Updates: 1
2021-05-03 23:50:34,107 [INFO] (WebSocketController.java:181)- ===== 将weCharItem插入数据库后是否成功设置主键 ====WeChatMessageItem{id=106, fromUuid='d2af06fb600b4641ba6292871359bcb7', toUuid='51a5f5684212455098b8ce270a448ef5', messageType=0, messageContent='bbbb', time=Mon May 03 23:50:34 CST 2021, oid='6a9d25911e364b88805edaf1008b6cda', status=0}
2021-05-03 23:50:34,429 [WARN] (HttpUtil.java:113)- === post https://api.weixin.qq.com/cgi-bin/message/subscribe/send?access_token=44_nFkf3ewB5in82APE-FWvjYqzPsN-aB9XMj__g8VHCPeQCfAhIvl6lRkxTfcFhhxM0hj9LUPeyejIJUWkf6aV7t8BreoYM3edp3VRb9O1bh6baAUdB_z2PXCDq7MgQuVeIS4KQbanDtHwJVZbFXPcAAABTL 同步 success bodyMessage: {"errcode":40003,"errmsg":"invalid openid rid: 60901bca-0a8b97f3-036bc893"}
2021-05-03 23:50:34,430 [ERROR] (GlobalException.java:40)- 错误消息:消息通知发送失败!
2021-05-03 23:50:36,873 [INFO] (WebSocketController.java:107)- [WebSocket] 收到消息：{"type":"sendWeChatItemToOther","sendObject":"user","fromUuid":"d2af06fb600b4641ba6292871359bcb7","toUuid":"51a5f5684212455098b8ce270a448ef5","messageType":0,"messageContent":"aaaa","time":"2021-05-03 23:50:36","oid":"6a9d25911e364b88805edaf1008b6cda"}
2021-05-03 23:50:36,874 [INFO] (WebSocketController.java:123)- ==== websocket接收消息:{"type":"sendWeChatItemToOther","sendObject":"user","fromUuid":"d2af06fb600b4641ba6292871359bcb7","toUuid":"51a5f5684212455098b8ce270a448ef5","messageType":0,"messageContent":"aaaa","time":"2021-05-03 23:50:36","oid":"6a9d25911e364b88805edaf1008b6cda"}
2021-05-03 23:50:36,875 [DEBUG] (BaseJdbcLogger.java:143)- ==>  Preparing: insert into wechat_message_item (id, from_uuid, to_uuid, message_type, message_content, time,oid,status ) values (?, ?, ?, ?, ?, ?, ?,? ) 
2021-05-03 23:50:36,877 [DEBUG] (BaseJdbcLogger.java:143)- ==> Parameters: null, d2af06fb600b4641ba6292871359bcb7(String), 51a5f5684212455098b8ce270a448ef5(String), 0(Integer), aaaa(String), 2021-05-03 23:50:36.0(Timestamp), 6a9d25911e364b88805edaf1008b6cda(String), 0(Integer)
2021-05-03 23:50:36,886 [DEBUG] (BaseJdbcLogger.java:143)- <==    Updates: 1
2021-05-03 23:50:36,887 [INFO] (WebSocketController.java:181)- ===== 将weCharItem插入数据库后是否成功设置主键 ====WeChatMessageItem{id=107, fromUuid='d2af06fb600b4641ba6292871359bcb7', toUuid='51a5f5684212455098b8ce270a448ef5', messageType=0, messageContent='aaaa', time=Mon May 03 23:50:36 CST 2021, oid='6a9d25911e364b88805edaf1008b6cda', status=0}
2021-05-03 23:50:37,181 [WARN] (HttpUtil.java:113)- === post https://api.weixin.qq.com/cgi-bin/message/subscribe/send?access_token=44_nFkf3ewB5in82APE-FWvjYqzPsN-aB9XMj__g8VHCPeQCfAhIvl6lRkxTfcFhhxM0hj9LUPeyejIJUWkf6aV7t8BreoYM3edp3VRb9O1bh6baAUdB_z2PXCDq7MgQuVeIS4KQbanDtHwJVZbFXPcAAABTL 同步 success bodyMessage: {"errcode":40003,"errmsg":"invalid openid rid: 60901bcd-5c23ea97-3840f309"}
2021-05-03 23:50:37,182 [ERROR] (GlobalException.java:40)- 错误消息:消息通知发送失败!
2021-05-03 23:50:38,967 [INFO] (WebSocketController.java:107)- [WebSocket] 收到消息：{"type":"sendWeChatItemToOther","sendObject":"user","fromUuid":"d2af06fb600b4641ba6292871359bcb7","toUuid":"51a5f5684212455098b8ce270a448ef5","messageType":0,"messageContent":"aaaaa","time":"2021-05-03 23:50:38","oid":"6a9d25911e364b88805edaf1008b6cda"}
2021-05-03 23:50:38,968 [INFO] (WebSocketController.java:123)- ==== websocket接收消息:{"type":"sendWeChatItemToOther","sendObject":"user","fromUuid":"d2af06fb600b4641ba6292871359bcb7","toUuid":"51a5f5684212455098b8ce270a448ef5","messageType":0,"messageContent":"aaaaa","time":"2021-05-03 23:50:38","oid":"6a9d25911e364b88805edaf1008b6cda"}
2021-05-03 23:50:38,969 [DEBUG] (BaseJdbcLogger.java:143)- ==>  Preparing: insert into wechat_message_item (id, from_uuid, to_uuid, message_type, message_content, time,oid,status ) values (?, ?, ?, ?, ?, ?, ?,? ) 
2021-05-03 23:50:38,971 [DEBUG] (BaseJdbcLogger.java:143)- ==> Parameters: null, d2af06fb600b4641ba6292871359bcb7(String), 51a5f5684212455098b8ce270a448ef5(String), 0(Integer), aaaaa(String), 2021-05-03 23:50:38.0(Timestamp), 6a9d25911e364b88805edaf1008b6cda(String), 0(Integer)
2021-05-03 23:50:38,980 [DEBUG] (BaseJdbcLogger.java:143)- <==    Updates: 1
2021-05-03 23:50:38,981 [INFO] (WebSocketController.java:181)- ===== 将weCharItem插入数据库后是否成功设置主键 ====WeChatMessageItem{id=108, fromUuid='d2af06fb600b4641ba6292871359bcb7', toUuid='51a5f5684212455098b8ce270a448ef5', messageType=0, messageContent='aaaaa', time=Mon May 03 23:50:38 CST 2021, oid='6a9d25911e364b88805edaf1008b6cda', status=0}
2021-05-03 23:50:39,297 [WARN] (HttpUtil.java:113)- === post https://api.weixin.qq.com/cgi-bin/message/subscribe/send?access_token=44_nFkf3ewB5in82APE-FWvjYqzPsN-aB9XMj__g8VHCPeQCfAhIvl6lRkxTfcFhhxM0hj9LUPeyejIJUWkf6aV7t8BreoYM3edp3VRb9O1bh6baAUdB_z2PXCDq7MgQuVeIS4KQbanDtHwJVZbFXPcAAABTL 同步 success bodyMessage: {"errcode":40003,"errmsg":"invalid openid rid: 60901bcf-717e7032-516e6ee5"}
2021-05-03 23:50:39,297 [ERROR] (GlobalException.java:40)- 错误消息:消息通知发送失败!
2021-05-03 23:52:28,528 [INFO] (WebSocketController.java:102)- [WebSocket] 退出成功，当前连接人数为：=0 当前在线人： {}
2021-05-03 23:52:30,211 [DEBUG] (BaseJdbcLogger.java:143)- ==>  Preparing: select id, user_name, name, img_url, expert_in, imageText_cost, voice_cost, video_cost,open_id,uuid from doctor 
2021-05-03 23:52:30,213 [DEBUG] (BaseJdbcLogger.java:143)- ==> Parameters: 
2021-05-03 23:52:30,213 [DEBUG] (BaseJdbcLogger.java:143)- ==>  Preparing: select user_id, age, credit_id, pregnant_type, pregnant_week, job, confinement_date, confinement_week, confinement_type, user_name, user_password, user_token, open_id,img_url,uuid from user where user_token = ? 
2021-05-03 23:52:30,215 [DEBUG] (BaseJdbcLogger.java:143)- ==> Parameters: b38d993a3ea844bbbf98f4dfa3499098(String)
2021-05-03 23:52:30,219 [DEBUG] (BaseJdbcLogger.java:143)- <==      Total: 4
2021-05-03 23:52:30,220 [DEBUG] (BaseJdbcLogger.java:143)- <==      Total: 1
2021-05-03 23:52:30,764 [DEBUG] (BaseJdbcLogger.java:143)- ==>  Preparing: select id, title, audioURL, category, cover_url from audio 
2021-05-03 23:52:30,765 [DEBUG] (BaseJdbcLogger.java:143)- ==> Parameters: 
2021-05-03 23:52:30,769 [DEBUG] (BaseJdbcLogger.java:143)- <==      Total: 4
2021-05-03 23:52:30,856 [DEBUG] (BaseJdbcLogger.java:143)- ==>  Preparing: select id, title, vedioURL, cover_url, category, description from vedio 
2021-05-03 23:52:30,857 [DEBUG] (BaseJdbcLogger.java:143)- ==> Parameters: 
2021-05-03 23:52:30,859 [DEBUG] (BaseJdbcLogger.java:143)- <==      Total: 2
2021-05-03 23:52:30,899 [DEBUG] (BaseJdbcLogger.java:143)- ==>  Preparing: select id, title, audioURL, category, cover_url from audio 
2021-05-03 23:52:30,902 [DEBUG] (BaseJdbcLogger.java:143)- ==> Parameters: 
2021-05-03 23:52:30,905 [DEBUG] (BaseJdbcLogger.java:143)- <==      Total: 4
2021-05-03 23:52:30,941 [DEBUG] (BaseJdbcLogger.java:143)- ==>  Preparing: select id, title, vedioURL, cover_url, category, description from vedio 
2021-05-03 23:52:30,942 [DEBUG] (BaseJdbcLogger.java:143)- ==> Parameters: 
2021-05-03 23:52:30,945 [DEBUG] (BaseJdbcLogger.java:143)- <==      Total: 2
2021-05-03 23:52:31,441 [INFO] (WebSocketController.java:96)- [WebSocket] 连接成功，当前连接人数:1
2021-05-03 23:52:31,505 [WARN] (HttpUtil.java:58)- === get https://api.weixin.qq.com/sns/jscode2session?grant_type=authorization_code&appid=wxfbebd90d9bf59e52&secret=939f54b21647f5d6bf05feb58ece72bf&js_code=033KGHFa1EkEYA0DVWGa1jBQOq4KGHFv 同步 success bodyMessage: {"errcode":40029,"errmsg":"invalid code, hints: [ req_id: ZlbcdLyWf-cvjjCA ]"}
2021-05-03 23:52:31,506 [DEBUG] (WXUtil.java:214)- === open_id: null===
2021-05-03 23:52:33,471 [DEBUG] (BaseJdbcLogger.java:143)- ==>  Preparing: SELECT id, doctor_id, user_id, create_time, lasting_time, contact, contact_phone, symptom_description,consult_cost,status,oid,user_open_id,doctor_open_id,img_urls FROM consult_order WHERE user_id = ? and doctor_id = ? 
2021-05-03 23:52:33,472 [DEBUG] (BaseJdbcLogger.java:143)- ==> Parameters: 10(Integer), 4(Integer)
2021-05-03 23:52:33,487 [DEBUG] (BaseJdbcLogger.java:143)- <==      Total: 8
2021-05-03 23:52:33,596 [DEBUG] (BaseJdbcLogger.java:143)- ==>  Preparing: select * from consult_order where oid = ? 
2021-05-03 23:52:33,597 [DEBUG] (BaseJdbcLogger.java:143)- ==> Parameters: 6a9d25911e364b88805edaf1008b6cda(String)
2021-05-03 23:52:33,600 [DEBUG] (BaseJdbcLogger.java:143)- <==      Total: 1
2021-05-03 23:52:34,039 [INFO] (WebSocketController.java:107)- [WebSocket] 收到消息：{"type":"getAllWeChatItemById","toUuid":"51a5f5684212455098b8ce270a448ef5","fromUuid":"d2af06fb600b4641ba6292871359bcb7","oid":"6a9d25911e364b88805edaf1008b6cda"}
2021-05-03 23:52:34,040 [INFO] (WebSocketController.java:123)- ==== websocket接收消息:{"type":"getAllWeChatItemById","toUuid":"51a5f5684212455098b8ce270a448ef5","fromUuid":"d2af06fb600b4641ba6292871359bcb7","oid":"6a9d25911e364b88805edaf1008b6cda"}
2021-05-03 23:52:34,040 [DEBUG] (BaseJdbcLogger.java:143)- ==>  Preparing: select id, from_uuid, to_uuid, message_type, message_content, time,oid,status from wechat_message_item where from_uuid = ? and to_uuid = ? and oid = ? or from_uuid = ? and to_uuid = ? and oid = ? 
2021-05-03 23:52:34,041 [DEBUG] (BaseJdbcLogger.java:143)- ==> Parameters: d2af06fb600b4641ba6292871359bcb7(String), 51a5f5684212455098b8ce270a448ef5(String), 6a9d25911e364b88805edaf1008b6cda(String), 51a5f5684212455098b8ce270a448ef5(String), d2af06fb600b4641ba6292871359bcb7(String), 6a9d25911e364b88805edaf1008b6cda(String)
2021-05-03 23:52:34,044 [DEBUG] (BaseJdbcLogger.java:143)- <==      Total: 4
2021-05-03 23:52:34,045 [INFO] (WebSocketController.java:146)- ====== getAllWeChatItemById ==== 返回数据{"toUuid":"51a5f5684212455098b8ce270a448ef5","data":[{"fromUuid":"d2af06fb600b4641ba6292871359bcb7","id":105,"messageContent":"aaa","messageType":0,"oid":"6a9d25911e364b88805edaf1008b6cda","status":0,"time":1620057032000,"toUuid":"51a5f5684212455098b8ce270a448ef5"},{"fromUuid":"d2af06fb600b4641ba6292871359bcb7","id":106,"messageContent":"bbbb","messageType":0,"oid":"6a9d25911e364b88805edaf1008b6cda","status":0,"time":1620057034000,"toUuid":"51a5f5684212455098b8ce270a448ef5"},{"fromUuid":"d2af06fb600b4641ba6292871359bcb7","id":107,"messageContent":"aaaa","messageType":0,"oid":"6a9d25911e364b88805edaf1008b6cda","status":0,"time":1620057036000,"toUuid":"51a5f5684212455098b8ce270a448ef5"},{"fromUuid":"d2af06fb600b4641ba6292871359bcb7","id":108,"messageContent":"aaaaa","messageType":0,"oid":"6a9d25911e364b88805edaf1008b6cda","status":0,"time":1620057038000,"toUuid":"51a5f5684212455098b8ce270a448ef5"}],"fromUuid":"d2af06fb600b4641ba6292871359bcb7","oid":"6a9d25911e364b88805edaf1008b6cda","type":"returnAllWeChatItemById"}
2021-05-03 23:53:11,764 [INFO] (WebSocketController.java:102)- [WebSocket] 退出成功，当前连接人数为：=0 当前在线人： {}
2021-05-03 23:53:12,715 [DEBUG] (BaseJdbcLogger.java:143)- ==>  Preparing: select user_id, age, credit_id, pregnant_type, pregnant_week, job, confinement_date, confinement_week, confinement_type, user_name, user_password, user_token, open_id,img_url,uuid from user where user_token = ? 
2021-05-03 23:53:12,716 [DEBUG] (BaseJdbcLogger.java:143)- ==> Parameters: b38d993a3ea844bbbf98f4dfa3499098(String)
2021-05-03 23:53:12,719 [DEBUG] (BaseJdbcLogger.java:143)- <==      Total: 1
2021-05-03 23:53:12,752 [DEBUG] (BaseJdbcLogger.java:143)- ==>  Preparing: select id, user_name, name, img_url, expert_in, imageText_cost, voice_cost, video_cost,open_id,uuid from doctor 
2021-05-03 23:53:12,753 [DEBUG] (BaseJdbcLogger.java:143)- ==> Parameters: 
2021-05-03 23:53:12,756 [DEBUG] (BaseJdbcLogger.java:143)- <==      Total: 4
2021-05-03 23:53:12,930 [DEBUG] (BaseJdbcLogger.java:143)- ==>  Preparing: select id, title, audioURL, category, cover_url from audio 
2021-05-03 23:53:12,932 [DEBUG] (BaseJdbcLogger.java:143)- ==> Parameters: 
2021-05-03 23:53:12,935 [DEBUG] (BaseJdbcLogger.java:143)- <==      Total: 4
2021-05-03 23:53:13,151 [INFO] (WebSocketController.java:96)- [WebSocket] 连接成功，当前连接人数:1
2021-05-03 23:53:13,475 [DEBUG] (BaseJdbcLogger.java:143)- ==>  Preparing: select id, title, vedioURL, cover_url, category, description from vedio 
2021-05-03 23:53:13,476 [DEBUG] (BaseJdbcLogger.java:143)- ==> Parameters: 
2021-05-03 23:53:13,478 [DEBUG] (BaseJdbcLogger.java:143)- <==      Total: 2
2021-05-03 23:53:13,648 [DEBUG] (BaseJdbcLogger.java:143)- ==>  Preparing: select id, title, audioURL, category, cover_url from audio 
2021-05-03 23:53:13,649 [DEBUG] (BaseJdbcLogger.java:143)- ==> Parameters: 
2021-05-03 23:53:13,651 [DEBUG] (BaseJdbcLogger.java:143)- <==      Total: 4
2021-05-03 23:53:13,678 [DEBUG] (BaseJdbcLogger.java:143)- ==>  Preparing: select id, title, vedioURL, cover_url, category, description from vedio 
2021-05-03 23:53:13,681 [DEBUG] (BaseJdbcLogger.java:143)- ==> Parameters: 
2021-05-03 23:53:13,690 [DEBUG] (BaseJdbcLogger.java:143)- <==      Total: 2
2021-05-03 23:53:14,317 [WARN] (HttpUtil.java:58)- === get https://api.weixin.qq.com/sns/jscode2session?grant_type=authorization_code&appid=wxfbebd90d9bf59e52&secret=939f54b21647f5d6bf05feb58ece72bf&js_code=063tkk0w3WXgjW2p590w3WKdmZ0tkk0U 同步 success bodyMessage: {"errcode":40029,"errmsg":"invalid code, hints: [ req_id: 0lbcZyTNe-slPDvA ]"}
2021-05-03 23:53:14,317 [DEBUG] (WXUtil.java:214)- === open_id: null===
2021-05-03 23:53:16,158 [DEBUG] (BaseJdbcLogger.java:143)- ==>  Preparing: SELECT id, doctor_id, user_id, create_time, lasting_time, contact, contact_phone, symptom_description,consult_cost,status,oid,user_open_id,doctor_open_id,img_urls FROM consult_order WHERE user_id = ? and doctor_id = ? 
2021-05-03 23:53:16,160 [DEBUG] (BaseJdbcLogger.java:143)- ==> Parameters: 10(Integer), 4(Integer)
2021-05-03 23:53:16,165 [DEBUG] (BaseJdbcLogger.java:143)- <==      Total: 8
2021-05-03 23:53:16,286 [DEBUG] (BaseJdbcLogger.java:143)- ==>  Preparing: select * from consult_order where oid = ? 
2021-05-03 23:53:16,287 [DEBUG] (BaseJdbcLogger.java:143)- ==> Parameters: 6a9d25911e364b88805edaf1008b6cda(String)
2021-05-03 23:53:16,289 [DEBUG] (BaseJdbcLogger.java:143)- <==      Total: 1
2021-05-03 23:53:16,719 [INFO] (WebSocketController.java:107)- [WebSocket] 收到消息：{"type":"getAllWeChatItemById","toUuid":"51a5f5684212455098b8ce270a448ef5","fromUuid":"d2af06fb600b4641ba6292871359bcb7","oid":"6a9d25911e364b88805edaf1008b6cda"}
2021-05-03 23:53:16,719 [INFO] (WebSocketController.java:123)- ==== websocket接收消息:{"type":"getAllWeChatItemById","toUuid":"51a5f5684212455098b8ce270a448ef5","fromUuid":"d2af06fb600b4641ba6292871359bcb7","oid":"6a9d25911e364b88805edaf1008b6cda"}
2021-05-03 23:53:16,720 [DEBUG] (BaseJdbcLogger.java:143)- ==>  Preparing: select id, from_uuid, to_uuid, message_type, message_content, time,oid,status from wechat_message_item where from_uuid = ? and to_uuid = ? and oid = ? or from_uuid = ? and to_uuid = ? and oid = ? 
2021-05-03 23:53:16,721 [DEBUG] (BaseJdbcLogger.java:143)- ==> Parameters: d2af06fb600b4641ba6292871359bcb7(String), 51a5f5684212455098b8ce270a448ef5(String), 6a9d25911e364b88805edaf1008b6cda(String), 51a5f5684212455098b8ce270a448ef5(String), d2af06fb600b4641ba6292871359bcb7(String), 6a9d25911e364b88805edaf1008b6cda(String)
2021-05-03 23:53:16,724 [DEBUG] (BaseJdbcLogger.java:143)- <==      Total: 4
2021-05-03 23:53:16,727 [INFO] (WebSocketController.java:146)- ====== getAllWeChatItemById ==== 返回数据{"toUuid":"51a5f5684212455098b8ce270a448ef5","data":[{"fromUuid":"d2af06fb600b4641ba6292871359bcb7","id":105,"messageContent":"aaa","messageType":0,"oid":"6a9d25911e364b88805edaf1008b6cda","status":0,"time":1620057032000,"toUuid":"51a5f5684212455098b8ce270a448ef5"},{"fromUuid":"d2af06fb600b4641ba6292871359bcb7","id":106,"messageContent":"bbbb","messageType":0,"oid":"6a9d25911e364b88805edaf1008b6cda","status":0,"time":1620057034000,"toUuid":"51a5f5684212455098b8ce270a448ef5"},{"fromUuid":"d2af06fb600b4641ba6292871359bcb7","id":107,"messageContent":"aaaa","messageType":0,"oid":"6a9d25911e364b88805edaf1008b6cda","status":0,"time":1620057036000,"toUuid":"51a5f5684212455098b8ce270a448ef5"},{"fromUuid":"d2af06fb600b4641ba6292871359bcb7","id":108,"messageContent":"aaaaa","messageType":0,"oid":"6a9d25911e364b88805edaf1008b6cda","status":0,"time":1620057038000,"toUuid":"51a5f5684212455098b8ce270a448ef5"}],"fromUuid":"d2af06fb600b4641ba6292871359bcb7","oid":"6a9d25911e364b88805edaf1008b6cda","type":"returnAllWeChatItemById"}
2021-05-03 23:53:23,935 [DEBUG] (BaseJdbcLogger.java:143)- ==>  Preparing: SELECT id, doctor_id, user_id, create_time, lasting_time, contact, contact_phone, symptom_description,consult_cost,status,oid,user_open_id,doctor_open_id,img_urls FROM consult_order WHERE user_id = ? and doctor_id = ? 
2021-05-03 23:53:23,937 [DEBUG] (BaseJdbcLogger.java:143)- ==> Parameters: 10(Integer), 4(Integer)
2021-05-03 23:53:23,944 [DEBUG] (BaseJdbcLogger.java:143)- <==      Total: 8
2021-05-03 23:53:24,023 [DEBUG] (BaseJdbcLogger.java:143)- ==>  Preparing: select * from consult_order where oid = ? 
2021-05-03 23:53:24,024 [DEBUG] (BaseJdbcLogger.java:143)- ==> Parameters: 6a9d25911e364b88805edaf1008b6cda(String)
2021-05-03 23:53:24,026 [DEBUG] (BaseJdbcLogger.java:143)- <==      Total: 1
2021-05-03 23:53:24,398 [INFO] (WebSocketController.java:107)- [WebSocket] 收到消息：{"type":"getAllWeChatItemById","toUuid":"51a5f5684212455098b8ce270a448ef5","fromUuid":"d2af06fb600b4641ba6292871359bcb7","oid":"6a9d25911e364b88805edaf1008b6cda"}
2021-05-03 23:53:24,398 [INFO] (WebSocketController.java:123)- ==== websocket接收消息:{"type":"getAllWeChatItemById","toUuid":"51a5f5684212455098b8ce270a448ef5","fromUuid":"d2af06fb600b4641ba6292871359bcb7","oid":"6a9d25911e364b88805edaf1008b6cda"}
2021-05-03 23:53:24,399 [DEBUG] (BaseJdbcLogger.java:143)- ==>  Preparing: select id, from_uuid, to_uuid, message_type, message_content, time,oid,status from wechat_message_item where from_uuid = ? and to_uuid = ? and oid = ? or from_uuid = ? and to_uuid = ? and oid = ? 
2021-05-03 23:53:24,400 [DEBUG] (BaseJdbcLogger.java:143)- ==> Parameters: d2af06fb600b4641ba6292871359bcb7(String), 51a5f5684212455098b8ce270a448ef5(String), 6a9d25911e364b88805edaf1008b6cda(String), 51a5f5684212455098b8ce270a448ef5(String), d2af06fb600b4641ba6292871359bcb7(String), 6a9d25911e364b88805edaf1008b6cda(String)
2021-05-03 23:53:24,404 [DEBUG] (BaseJdbcLogger.java:143)- <==      Total: 4
2021-05-03 23:53:24,405 [INFO] (WebSocketController.java:146)- ====== getAllWeChatItemById ==== 返回数据{"toUuid":"51a5f5684212455098b8ce270a448ef5","data":[{"fromUuid":"d2af06fb600b4641ba6292871359bcb7","id":105,"messageContent":"aaa","messageType":0,"oid":"6a9d25911e364b88805edaf1008b6cda","status":0,"time":1620057032000,"toUuid":"51a5f5684212455098b8ce270a448ef5"},{"fromUuid":"d2af06fb600b4641ba6292871359bcb7","id":106,"messageContent":"bbbb","messageType":0,"oid":"6a9d25911e364b88805edaf1008b6cda","status":0,"time":1620057034000,"toUuid":"51a5f5684212455098b8ce270a448ef5"},{"fromUuid":"d2af06fb600b4641ba6292871359bcb7","id":107,"messageContent":"aaaa","messageType":0,"oid":"6a9d25911e364b88805edaf1008b6cda","status":0,"time":1620057036000,"toUuid":"51a5f5684212455098b8ce270a448ef5"},{"fromUuid":"d2af06fb600b4641ba6292871359bcb7","id":108,"messageContent":"aaaaa","messageType":0,"oid":"6a9d25911e364b88805edaf1008b6cda","status":0,"time":1620057038000,"toUuid":"51a5f5684212455098b8ce270a448ef5"}],"fromUuid":"d2af06fb600b4641ba6292871359bcb7","oid":"6a9d25911e364b88805edaf1008b6cda","type":"returnAllWeChatItemById"}
2021-05-03 23:54:27,517 [INFO] (WebSocketController.java:102)- [WebSocket] 退出成功，当前连接人数为：=0 当前在线人： {}
2021-05-03 23:54:28,589 [DEBUG] (BaseJdbcLogger.java:143)- ==>  Preparing: select user_id, age, credit_id, pregnant_type, pregnant_week, job, confinement_date, confinement_week, confinement_type, user_name, user_password, user_token, open_id,img_url,uuid from user where user_token = ? 
2021-05-03 23:54:28,590 [DEBUG] (BaseJdbcLogger.java:143)- ==> Parameters: b38d993a3ea844bbbf98f4dfa3499098(String)
2021-05-03 23:54:28,593 [DEBUG] (BaseJdbcLogger.java:143)- <==      Total: 1
2021-05-03 23:54:28,601 [DEBUG] (BaseJdbcLogger.java:143)- ==>  Preparing: select id, user_name, name, img_url, expert_in, imageText_cost, voice_cost, video_cost,open_id,uuid from doctor 
2021-05-03 23:54:28,602 [DEBUG] (BaseJdbcLogger.java:143)- ==> Parameters: 
2021-05-03 23:54:28,608 [DEBUG] (BaseJdbcLogger.java:143)- <==      Total: 4
2021-05-03 23:54:28,757 [DEBUG] (BaseJdbcLogger.java:143)- ==>  Preparing: select id, title, audioURL, category, cover_url from audio 
2021-05-03 23:54:28,758 [DEBUG] (BaseJdbcLogger.java:143)- ==> Parameters: 
2021-05-03 23:54:28,760 [DEBUG] (BaseJdbcLogger.java:143)- <==      Total: 4
2021-05-03 23:54:28,772 [DEBUG] (BaseJdbcLogger.java:143)- ==>  Preparing: select id, title, vedioURL, cover_url, category, description from vedio 
2021-05-03 23:54:28,773 [DEBUG] (BaseJdbcLogger.java:143)- ==> Parameters: 
2021-05-03 23:54:28,774 [DEBUG] (BaseJdbcLogger.java:143)- <==      Total: 2
2021-05-03 23:54:29,019 [DEBUG] (BaseJdbcLogger.java:143)- ==>  Preparing: select id, title, audioURL, category, cover_url from audio 
2021-05-03 23:54:29,020 [DEBUG] (BaseJdbcLogger.java:143)- ==> Parameters: 
2021-05-03 23:54:29,022 [DEBUG] (BaseJdbcLogger.java:143)- <==      Total: 4
2021-05-03 23:54:29,067 [DEBUG] (BaseJdbcLogger.java:143)- ==>  Preparing: select id, title, vedioURL, cover_url, category, description from vedio 
2021-05-03 23:54:29,068 [DEBUG] (BaseJdbcLogger.java:143)- ==> Parameters: 
2021-05-03 23:54:29,070 [DEBUG] (BaseJdbcLogger.java:143)- <==      Total: 2
2021-05-03 23:54:29,542 [WARN] (HttpUtil.java:58)- === get https://api.weixin.qq.com/sns/jscode2session?grant_type=authorization_code&appid=wxfbebd90d9bf59e52&secret=939f54b21647f5d6bf05feb58ece72bf&js_code=003fpk0w3TzgjW2uX23w3WmRv74fpk05 同步 success bodyMessage: {"errcode":40029,"errmsg":"invalid code, hints: [ req_id: 1lbciyNre-W_OXKa ]"}
2021-05-03 23:54:29,543 [DEBUG] (WXUtil.java:214)- === open_id: null===
2021-05-03 23:54:29,706 [INFO] (WebSocketController.java:96)- [WebSocket] 连接成功，当前连接人数:1
2021-05-03 23:54:31,704 [DEBUG] (BaseJdbcLogger.java:143)- ==>  Preparing: SELECT id, doctor_id, user_id, create_time, lasting_time, contact, contact_phone, symptom_description,consult_cost,status,oid,user_open_id,doctor_open_id,img_urls FROM consult_order WHERE user_id = ? and doctor_id = ? 
2021-05-03 23:54:31,705 [DEBUG] (BaseJdbcLogger.java:143)- ==> Parameters: 10(Integer), 4(Integer)
2021-05-03 23:54:31,709 [DEBUG] (BaseJdbcLogger.java:143)- <==      Total: 8
2021-05-03 23:54:31,815 [DEBUG] (BaseJdbcLogger.java:143)- ==>  Preparing: select * from consult_order where oid = ? 
2021-05-03 23:54:31,816 [DEBUG] (BaseJdbcLogger.java:143)- ==> Parameters: 6a9d25911e364b88805edaf1008b6cda(String)
2021-05-03 23:54:31,818 [DEBUG] (BaseJdbcLogger.java:143)- <==      Total: 1
2021-05-03 23:54:32,223 [INFO] (WebSocketController.java:107)- [WebSocket] 收到消息：{"type":"getAllWeChatItemById","toUuid":"51a5f5684212455098b8ce270a448ef5","fromUuid":"d2af06fb600b4641ba6292871359bcb7","oid":"6a9d25911e364b88805edaf1008b6cda"}
2021-05-03 23:54:32,224 [INFO] (WebSocketController.java:123)- ==== websocket接收消息:{"type":"getAllWeChatItemById","toUuid":"51a5f5684212455098b8ce270a448ef5","fromUuid":"d2af06fb600b4641ba6292871359bcb7","oid":"6a9d25911e364b88805edaf1008b6cda"}
2021-05-03 23:54:32,226 [DEBUG] (BaseJdbcLogger.java:143)- ==>  Preparing: select id, from_uuid, to_uuid, message_type, message_content, time,oid,status from wechat_message_item where from_uuid = ? and to_uuid = ? and oid = ? or from_uuid = ? and to_uuid = ? and oid = ? 
2021-05-03 23:54:32,228 [DEBUG] (BaseJdbcLogger.java:143)- ==> Parameters: d2af06fb600b4641ba6292871359bcb7(String), 51a5f5684212455098b8ce270a448ef5(String), 6a9d25911e364b88805edaf1008b6cda(String), 51a5f5684212455098b8ce270a448ef5(String), d2af06fb600b4641ba6292871359bcb7(String), 6a9d25911e364b88805edaf1008b6cda(String)
2021-05-03 23:54:32,231 [DEBUG] (BaseJdbcLogger.java:143)- <==      Total: 4
2021-05-03 23:54:32,232 [INFO] (WebSocketController.java:146)- ====== getAllWeChatItemById ==== 返回数据{"toUuid":"51a5f5684212455098b8ce270a448ef5","data":[{"fromUuid":"d2af06fb600b4641ba6292871359bcb7","id":105,"messageContent":"aaa","messageType":0,"oid":"6a9d25911e364b88805edaf1008b6cda","status":0,"time":1620057032000,"toUuid":"51a5f5684212455098b8ce270a448ef5"},{"fromUuid":"d2af06fb600b4641ba6292871359bcb7","id":106,"messageContent":"bbbb","messageType":0,"oid":"6a9d25911e364b88805edaf1008b6cda","status":0,"time":1620057034000,"toUuid":"51a5f5684212455098b8ce270a448ef5"},{"fromUuid":"d2af06fb600b4641ba6292871359bcb7","id":107,"messageContent":"aaaa","messageType":0,"oid":"6a9d25911e364b88805edaf1008b6cda","status":0,"time":1620057036000,"toUuid":"51a5f5684212455098b8ce270a448ef5"},{"fromUuid":"d2af06fb600b4641ba6292871359bcb7","id":108,"messageContent":"aaaaa","messageType":0,"oid":"6a9d25911e364b88805edaf1008b6cda","status":0,"time":1620057038000,"toUuid":"51a5f5684212455098b8ce270a448ef5"}],"fromUuid":"d2af06fb600b4641ba6292871359bcb7","oid":"6a9d25911e364b88805edaf1008b6cda","type":"returnAllWeChatItemById"}
2021-05-03 23:54:38,697 [DEBUG] (BaseJdbcLogger.java:143)- ==>  Preparing: SELECT id, doctor_id, user_id, create_time, lasting_time, contact, contact_phone, symptom_description,consult_cost,status,oid,user_open_id,doctor_open_id,img_urls FROM consult_order WHERE user_id = ? and doctor_id = ? 
2021-05-03 23:54:38,698 [DEBUG] (BaseJdbcLogger.java:143)- ==> Parameters: 10(Integer), 4(Integer)
2021-05-03 23:54:38,704 [DEBUG] (BaseJdbcLogger.java:143)- <==      Total: 8
2021-05-03 23:54:38,746 [DEBUG] (BaseJdbcLogger.java:143)- ==>  Preparing: select * from consult_order where oid = ? 
2021-05-03 23:54:38,747 [DEBUG] (BaseJdbcLogger.java:143)- ==> Parameters: 6a9d25911e364b88805edaf1008b6cda(String)
2021-05-03 23:54:38,748 [DEBUG] (BaseJdbcLogger.java:143)- <==      Total: 1
2021-05-03 23:54:38,875 [INFO] (WebSocketController.java:107)- [WebSocket] 收到消息：{"type":"getAllWeChatItemById","toUuid":"51a5f5684212455098b8ce270a448ef5","fromUuid":"d2af06fb600b4641ba6292871359bcb7","oid":"6a9d25911e364b88805edaf1008b6cda"}
2021-05-03 23:54:38,875 [INFO] (WebSocketController.java:123)- ==== websocket接收消息:{"type":"getAllWeChatItemById","toUuid":"51a5f5684212455098b8ce270a448ef5","fromUuid":"d2af06fb600b4641ba6292871359bcb7","oid":"6a9d25911e364b88805edaf1008b6cda"}
2021-05-03 23:54:38,876 [DEBUG] (BaseJdbcLogger.java:143)- ==>  Preparing: select id, from_uuid, to_uuid, message_type, message_content, time,oid,status from wechat_message_item where from_uuid = ? and to_uuid = ? and oid = ? or from_uuid = ? and to_uuid = ? and oid = ? 
2021-05-03 23:54:38,878 [DEBUG] (BaseJdbcLogger.java:143)- ==> Parameters: d2af06fb600b4641ba6292871359bcb7(String), 51a5f5684212455098b8ce270a448ef5(String), 6a9d25911e364b88805edaf1008b6cda(String), 51a5f5684212455098b8ce270a448ef5(String), d2af06fb600b4641ba6292871359bcb7(String), 6a9d25911e364b88805edaf1008b6cda(String)
2021-05-03 23:54:38,883 [DEBUG] (BaseJdbcLogger.java:143)- <==      Total: 4
2021-05-03 23:54:38,884 [INFO] (WebSocketController.java:146)- ====== getAllWeChatItemById ==== 返回数据{"toUuid":"51a5f5684212455098b8ce270a448ef5","data":[{"fromUuid":"d2af06fb600b4641ba6292871359bcb7","id":105,"messageContent":"aaa","messageType":0,"oid":"6a9d25911e364b88805edaf1008b6cda","status":0,"time":1620057032000,"toUuid":"51a5f5684212455098b8ce270a448ef5"},{"fromUuid":"d2af06fb600b4641ba6292871359bcb7","id":106,"messageContent":"bbbb","messageType":0,"oid":"6a9d25911e364b88805edaf1008b6cda","status":0,"time":1620057034000,"toUuid":"51a5f5684212455098b8ce270a448ef5"},{"fromUuid":"d2af06fb600b4641ba6292871359bcb7","id":107,"messageContent":"aaaa","messageType":0,"oid":"6a9d25911e364b88805edaf1008b6cda","status":0,"time":1620057036000,"toUuid":"51a5f5684212455098b8ce270a448ef5"},{"fromUuid":"d2af06fb600b4641ba6292871359bcb7","id":108,"messageContent":"aaaaa","messageType":0,"oid":"6a9d25911e364b88805edaf1008b6cda","status":0,"time":1620057038000,"toUuid":"51a5f5684212455098b8ce270a448ef5"}],"fromUuid":"d2af06fb600b4641ba6292871359bcb7","oid":"6a9d25911e364b88805edaf1008b6cda","type":"returnAllWeChatItemById"}
2021-05-03 23:55:07,651 [INFO] (WebSocketController.java:102)- [WebSocket] 退出成功，当前连接人数为：=0 当前在线人： {}
2021-05-03 23:55:08,688 [DEBUG] (BaseJdbcLogger.java:143)- ==>  Preparing: select user_id, age, credit_id, pregnant_type, pregnant_week, job, confinement_date, confinement_week, confinement_type, user_name, user_password, user_token, open_id,img_url,uuid from user where user_token = ? 
2021-05-03 23:55:08,689 [DEBUG] (BaseJdbcLogger.java:143)- ==> Parameters: b38d993a3ea844bbbf98f4dfa3499098(String)
2021-05-03 23:55:08,693 [DEBUG] (BaseJdbcLogger.java:143)- <==      Total: 1
2021-05-03 23:55:08,706 [DEBUG] (BaseJdbcLogger.java:143)- ==>  Preparing: select id, user_name, name, img_url, expert_in, imageText_cost, voice_cost, video_cost,open_id,uuid from doctor 
2021-05-03 23:55:08,706 [DEBUG] (BaseJdbcLogger.java:143)- ==> Parameters: 
2021-05-03 23:55:08,708 [DEBUG] (BaseJdbcLogger.java:143)- <==      Total: 4
2021-05-03 23:55:09,168 [INFO] (WebSocketController.java:96)- [WebSocket] 连接成功，当前连接人数:1
2021-05-03 23:55:09,546 [DEBUG] (BaseJdbcLogger.java:143)- ==>  Preparing: select id, title, audioURL, category, cover_url from audio 
2021-05-03 23:55:09,547 [DEBUG] (BaseJdbcLogger.java:143)- ==> Parameters: 
2021-05-03 23:55:09,550 [DEBUG] (BaseJdbcLogger.java:143)- <==      Total: 4
2021-05-03 23:55:09,673 [DEBUG] (BaseJdbcLogger.java:143)- ==>  Preparing: select id, title, vedioURL, cover_url, category, description from vedio 
2021-05-03 23:55:09,674 [DEBUG] (BaseJdbcLogger.java:143)- ==> Parameters: 
2021-05-03 23:55:09,678 [DEBUG] (BaseJdbcLogger.java:143)- <==      Total: 2
2021-05-03 23:55:09,724 [DEBUG] (BaseJdbcLogger.java:143)- ==>  Preparing: select id, title, audioURL, category, cover_url from audio 
2021-05-03 23:55:09,725 [DEBUG] (BaseJdbcLogger.java:143)- ==> Parameters: 
2021-05-03 23:55:09,728 [DEBUG] (BaseJdbcLogger.java:143)- <==      Total: 4
2021-05-03 23:55:09,758 [DEBUG] (BaseJdbcLogger.java:143)- ==>  Preparing: select id, title, vedioURL, cover_url, category, description from vedio 
2021-05-03 23:55:09,759 [DEBUG] (BaseJdbcLogger.java:143)- ==> Parameters: 
2021-05-03 23:55:09,762 [DEBUG] (BaseJdbcLogger.java:143)- <==      Total: 2
2021-05-03 23:55:10,284 [WARN] (HttpUtil.java:58)- === get https://api.weixin.qq.com/sns/jscode2session?grant_type=authorization_code&appid=wxfbebd90d9bf59e52&secret=939f54b21647f5d6bf05feb58ece72bf&js_code=053Mrk0w3PygjW2wF00w3VqKC11Mrk0K 同步 success bodyMessage: {"errcode":40029,"errmsg":"invalid code, hints: [ req_id: 2lbconTge-ZyikVA ]"}
2021-05-03 23:55:10,284 [DEBUG] (WXUtil.java:214)- === open_id: null===
2021-05-03 23:55:12,255 [DEBUG] (BaseJdbcLogger.java:143)- ==>  Preparing: SELECT id, doctor_id, user_id, create_time, lasting_time, contact, contact_phone, symptom_description,consult_cost,status,oid,user_open_id,doctor_open_id,img_urls FROM consult_order WHERE user_id = ? and doctor_id = ? 
2021-05-03 23:55:12,257 [DEBUG] (BaseJdbcLogger.java:143)- ==> Parameters: 10(Integer), 4(Integer)
2021-05-03 23:55:12,263 [DEBUG] (BaseJdbcLogger.java:143)- <==      Total: 8
2021-05-03 23:55:12,339 [DEBUG] (BaseJdbcLogger.java:143)- ==>  Preparing: select * from consult_order where oid = ? 
2021-05-03 23:55:12,340 [DEBUG] (BaseJdbcLogger.java:143)- ==> Parameters: 6a9d25911e364b88805edaf1008b6cda(String)
2021-05-03 23:55:12,342 [DEBUG] (BaseJdbcLogger.java:143)- <==      Total: 1
2021-05-03 23:55:12,814 [INFO] (WebSocketController.java:107)- [WebSocket] 收到消息：{"type":"getAllWeChatItemById","toUuid":"51a5f5684212455098b8ce270a448ef5","fromUuid":"d2af06fb600b4641ba6292871359bcb7","oid":"6a9d25911e364b88805edaf1008b6cda"}
2021-05-03 23:55:12,814 [INFO] (WebSocketController.java:123)- ==== websocket接收消息:{"type":"getAllWeChatItemById","toUuid":"51a5f5684212455098b8ce270a448ef5","fromUuid":"d2af06fb600b4641ba6292871359bcb7","oid":"6a9d25911e364b88805edaf1008b6cda"}
2021-05-03 23:55:12,814 [DEBUG] (BaseJdbcLogger.java:143)- ==>  Preparing: select id, from_uuid, to_uuid, message_type, message_content, time,oid,status from wechat_message_item where from_uuid = ? and to_uuid = ? and oid = ? or from_uuid = ? and to_uuid = ? and oid = ? 
2021-05-03 23:55:12,815 [DEBUG] (BaseJdbcLogger.java:143)- ==> Parameters: d2af06fb600b4641ba6292871359bcb7(String), 51a5f5684212455098b8ce270a448ef5(String), 6a9d25911e364b88805edaf1008b6cda(String), 51a5f5684212455098b8ce270a448ef5(String), d2af06fb600b4641ba6292871359bcb7(String), 6a9d25911e364b88805edaf1008b6cda(String)
2021-05-03 23:55:12,818 [DEBUG] (BaseJdbcLogger.java:143)- <==      Total: 4
2021-05-03 23:55:12,819 [INFO] (WebSocketController.java:146)- ====== getAllWeChatItemById ==== 返回数据{"toUuid":"51a5f5684212455098b8ce270a448ef5","data":[{"fromUuid":"d2af06fb600b4641ba6292871359bcb7","id":105,"messageContent":"aaa","messageType":0,"oid":"6a9d25911e364b88805edaf1008b6cda","status":0,"time":1620057032000,"toUuid":"51a5f5684212455098b8ce270a448ef5"},{"fromUuid":"d2af06fb600b4641ba6292871359bcb7","id":106,"messageContent":"bbbb","messageType":0,"oid":"6a9d25911e364b88805edaf1008b6cda","status":0,"time":1620057034000,"toUuid":"51a5f5684212455098b8ce270a448ef5"},{"fromUuid":"d2af06fb600b4641ba6292871359bcb7","id":107,"messageContent":"aaaa","messageType":0,"oid":"6a9d25911e364b88805edaf1008b6cda","status":0,"time":1620057036000,"toUuid":"51a5f5684212455098b8ce270a448ef5"},{"fromUuid":"d2af06fb600b4641ba6292871359bcb7","id":108,"messageContent":"aaaaa","messageType":0,"oid":"6a9d25911e364b88805edaf1008b6cda","status":0,"time":1620057038000,"toUuid":"51a5f5684212455098b8ce270a448ef5"}],"fromUuid":"d2af06fb600b4641ba6292871359bcb7","oid":"6a9d25911e364b88805edaf1008b6cda","type":"returnAllWeChatItemById"}
2021-05-03 23:55:52,432 [INFO] (WebSocketController.java:102)- [WebSocket] 退出成功，当前连接人数为：=0 当前在线人： {}
2021-05-03 23:55:54,215 [DEBUG] (BaseJdbcLogger.java:143)- ==>  Preparing: select user_id, age, credit_id, pregnant_type, pregnant_week, job, confinement_date, confinement_week, confinement_type, user_name, user_password, user_token, open_id,img_url,uuid from user where user_token = ? 
2021-05-03 23:55:54,217 [DEBUG] (BaseJdbcLogger.java:143)- ==> Parameters: b38d993a3ea844bbbf98f4dfa3499098(String)
2021-05-03 23:55:54,220 [DEBUG] (BaseJdbcLogger.java:143)- <==      Total: 1
2021-05-03 23:55:54,224 [DEBUG] (BaseJdbcLogger.java:143)- ==>  Preparing: select id, user_name, name, img_url, expert_in, imageText_cost, voice_cost, video_cost,open_id,uuid from doctor 
2021-05-03 23:55:54,225 [DEBUG] (BaseJdbcLogger.java:143)- ==> Parameters: 
2021-05-03 23:55:54,233 [DEBUG] (BaseJdbcLogger.java:143)- <==      Total: 4
2021-05-03 23:55:54,393 [DEBUG] (BaseJdbcLogger.java:143)- ==>  Preparing: select id, title, audioURL, category, cover_url from audio 
2021-05-03 23:55:54,395 [DEBUG] (BaseJdbcLogger.java:143)- ==> Parameters: 
2021-05-03 23:55:54,397 [DEBUG] (BaseJdbcLogger.java:143)- <==      Total: 4
2021-05-03 23:55:54,568 [DEBUG] (BaseJdbcLogger.java:143)- ==>  Preparing: select id, title, vedioURL, cover_url, category, description from vedio 
2021-05-03 23:55:54,569 [DEBUG] (BaseJdbcLogger.java:143)- ==> Parameters: 
2021-05-03 23:55:54,571 [DEBUG] (BaseJdbcLogger.java:143)- <==      Total: 2
2021-05-03 23:55:54,789 [DEBUG] (BaseJdbcLogger.java:143)- ==>  Preparing: select id, title, audioURL, category, cover_url from audio 
2021-05-03 23:55:54,790 [DEBUG] (BaseJdbcLogger.java:143)- ==> Parameters: 
2021-05-03 23:55:54,792 [DEBUG] (BaseJdbcLogger.java:143)- <==      Total: 4
2021-05-03 23:55:54,802 [DEBUG] (BaseJdbcLogger.java:143)- ==>  Preparing: select id, title, vedioURL, cover_url, category, description from vedio 
2021-05-03 23:55:54,803 [DEBUG] (BaseJdbcLogger.java:143)- ==> Parameters: 
2021-05-03 23:55:54,809 [DEBUG] (BaseJdbcLogger.java:143)- <==      Total: 2
2021-05-03 23:55:55,265 [INFO] (WebSocketController.java:96)- [WebSocket] 连接成功，当前连接人数:1
2021-05-03 23:55:55,319 [WARN] (HttpUtil.java:58)- === get https://api.weixin.qq.com/sns/jscode2session?grant_type=authorization_code&appid=wxfbebd90d9bf59e52&secret=939f54b21647f5d6bf05feb58ece72bf&js_code=0939fill2LTQY6465Fml2M24A919filR 同步 success bodyMessage: {"errcode":40029,"errmsg":"invalid code, hints: [ req_id: 2lbcHtNre-vxceRA ]"}
2021-05-03 23:55:55,320 [DEBUG] (WXUtil.java:214)- === open_id: null===
2021-05-03 23:55:56,765 [DEBUG] (BaseJdbcLogger.java:143)- ==>  Preparing: SELECT id, doctor_id, user_id, create_time, lasting_time, contact, contact_phone, symptom_description,consult_cost,status,oid,user_open_id,doctor_open_id,img_urls FROM consult_order WHERE user_id = ? and doctor_id = ? 
2021-05-03 23:55:56,766 [DEBUG] (BaseJdbcLogger.java:143)- ==> Parameters: 10(Integer), 4(Integer)
2021-05-03 23:55:56,772 [DEBUG] (BaseJdbcLogger.java:143)- <==      Total: 8
2021-05-03 23:55:56,816 [DEBUG] (BaseJdbcLogger.java:143)- ==>  Preparing: select * from consult_order where oid = ? 
2021-05-03 23:55:56,817 [DEBUG] (BaseJdbcLogger.java:143)- ==> Parameters: 6a9d25911e364b88805edaf1008b6cda(String)
2021-05-03 23:55:56,820 [DEBUG] (BaseJdbcLogger.java:143)- <==      Total: 1
2021-05-03 23:55:57,336 [INFO] (WebSocketController.java:107)- [WebSocket] 收到消息：{"type":"getAllWeChatItemById","toUuid":"51a5f5684212455098b8ce270a448ef5","fromUuid":"d2af06fb600b4641ba6292871359bcb7","oid":"6a9d25911e364b88805edaf1008b6cda"}
2021-05-03 23:55:57,337 [INFO] (WebSocketController.java:123)- ==== websocket接收消息:{"type":"getAllWeChatItemById","toUuid":"51a5f5684212455098b8ce270a448ef5","fromUuid":"d2af06fb600b4641ba6292871359bcb7","oid":"6a9d25911e364b88805edaf1008b6cda"}
2021-05-03 23:55:57,338 [DEBUG] (BaseJdbcLogger.java:143)- ==>  Preparing: select id, from_uuid, to_uuid, message_type, message_content, time,oid,status from wechat_message_item where from_uuid = ? and to_uuid = ? and oid = ? or from_uuid = ? and to_uuid = ? and oid = ? 
2021-05-03 23:55:57,340 [DEBUG] (BaseJdbcLogger.java:143)- ==> Parameters: d2af06fb600b4641ba6292871359bcb7(String), 51a5f5684212455098b8ce270a448ef5(String), 6a9d25911e364b88805edaf1008b6cda(String), 51a5f5684212455098b8ce270a448ef5(String), d2af06fb600b4641ba6292871359bcb7(String), 6a9d25911e364b88805edaf1008b6cda(String)
2021-05-03 23:55:57,343 [DEBUG] (BaseJdbcLogger.java:143)- <==      Total: 4
2021-05-03 23:55:57,344 [INFO] (WebSocketController.java:146)- ====== getAllWeChatItemById ==== 返回数据{"toUuid":"51a5f5684212455098b8ce270a448ef5","data":[{"fromUuid":"d2af06fb600b4641ba6292871359bcb7","id":105,"messageContent":"aaa","messageType":0,"oid":"6a9d25911e364b88805edaf1008b6cda","status":0,"time":1620057032000,"toUuid":"51a5f5684212455098b8ce270a448ef5"},{"fromUuid":"d2af06fb600b4641ba6292871359bcb7","id":106,"messageContent":"bbbb","messageType":0,"oid":"6a9d25911e364b88805edaf1008b6cda","status":0,"time":1620057034000,"toUuid":"51a5f5684212455098b8ce270a448ef5"},{"fromUuid":"d2af06fb600b4641ba6292871359bcb7","id":107,"messageContent":"aaaa","messageType":0,"oid":"6a9d25911e364b88805edaf1008b6cda","status":0,"time":1620057036000,"toUuid":"51a5f5684212455098b8ce270a448ef5"},{"fromUuid":"d2af06fb600b4641ba6292871359bcb7","id":108,"messageContent":"aaaaa","messageType":0,"oid":"6a9d25911e364b88805edaf1008b6cda","status":0,"time":1620057038000,"toUuid":"51a5f5684212455098b8ce270a448ef5"}],"fromUuid":"d2af06fb600b4641ba6292871359bcb7","oid":"6a9d25911e364b88805edaf1008b6cda","type":"returnAllWeChatItemById"}
2021-05-03 23:56:06,355 [INFO] (WebSocketController.java:102)- [WebSocket] 退出成功，当前连接人数为：=0 当前在线人： {}
2021-05-03 23:56:07,584 [DEBUG] (BaseJdbcLogger.java:143)- ==>  Preparing: select user_id, age, credit_id, pregnant_type, pregnant_week, job, confinement_date, confinement_week, confinement_type, user_name, user_password, user_token, open_id,img_url,uuid from user where user_token = ? 
2021-05-03 23:56:07,585 [DEBUG] (BaseJdbcLogger.java:143)- ==> Parameters: b38d993a3ea844bbbf98f4dfa3499098(String)
2021-05-03 23:56:07,587 [DEBUG] (BaseJdbcLogger.java:143)- <==      Total: 1
2021-05-03 23:56:07,593 [DEBUG] (BaseJdbcLogger.java:143)- ==>  Preparing: select id, user_name, name, img_url, expert_in, imageText_cost, voice_cost, video_cost,open_id,uuid from doctor 
2021-05-03 23:56:07,594 [DEBUG] (BaseJdbcLogger.java:143)- ==> Parameters: 
2021-05-03 23:56:07,597 [DEBUG] (BaseJdbcLogger.java:143)- <==      Total: 4
2021-05-03 23:56:07,772 [DEBUG] (BaseJdbcLogger.java:143)- ==>  Preparing: select id, title, audioURL, category, cover_url from audio 
2021-05-03 23:56:07,774 [DEBUG] (BaseJdbcLogger.java:143)- ==> Parameters: 
2021-05-03 23:56:07,777 [DEBUG] (BaseJdbcLogger.java:143)- <==      Total: 4
2021-05-03 23:56:07,973 [DEBUG] (BaseJdbcLogger.java:143)- ==>  Preparing: select id, title, vedioURL, cover_url, category, description from vedio 
2021-05-03 23:56:07,974 [DEBUG] (BaseJdbcLogger.java:143)- ==> Parameters: 
2021-05-03 23:56:07,977 [DEBUG] (BaseJdbcLogger.java:143)- <==      Total: 2
2021-05-03 23:56:08,070 [DEBUG] (BaseJdbcLogger.java:143)- ==>  Preparing: select id, title, audioURL, category, cover_url from audio 
2021-05-03 23:56:08,071 [DEBUG] (BaseJdbcLogger.java:143)- ==> Parameters: 
2021-05-03 23:56:08,072 [DEBUG] (BaseJdbcLogger.java:143)- <==      Total: 4
2021-05-03 23:56:08,105 [DEBUG] (BaseJdbcLogger.java:143)- ==>  Preparing: select id, title, vedioURL, cover_url, category, description from vedio 
2021-05-03 23:56:08,107 [DEBUG] (BaseJdbcLogger.java:143)- ==> Parameters: 
2021-05-03 23:56:08,110 [DEBUG] (BaseJdbcLogger.java:143)- <==      Total: 2
2021-05-03 23:56:08,672 [INFO] (WebSocketController.java:96)- [WebSocket] 连接成功，当前连接人数:1
2021-05-03 23:56:08,795 [WARN] (HttpUtil.java:58)- === get https://api.weixin.qq.com/sns/jscode2session?grant_type=authorization_code&appid=wxfbebd90d9bf59e52&secret=939f54b21647f5d6bf05feb58ece72bf&js_code=013zE91w3sI5kW2emJ3w36TOb10zE911 同步 success bodyMessage: {"errcode":40029,"errmsg":"invalid code, hints: [ req_id: 3lbcxFMre-Iomzma ]"}
2021-05-03 23:56:08,796 [DEBUG] (WXUtil.java:214)- === open_id: null===
2021-05-03 23:56:11,195 [DEBUG] (BaseJdbcLogger.java:143)- ==>  Preparing: SELECT id, doctor_id, user_id, create_time, lasting_time, contact, contact_phone, symptom_description,consult_cost,status,oid,user_open_id,doctor_open_id,img_urls FROM consult_order WHERE user_id = ? and doctor_id = ? 
2021-05-03 23:56:11,196 [DEBUG] (BaseJdbcLogger.java:143)- ==> Parameters: 10(Integer), 4(Integer)
2021-05-03 23:56:11,200 [DEBUG] (BaseJdbcLogger.java:143)- <==      Total: 8
2021-05-03 23:56:11,234 [DEBUG] (BaseJdbcLogger.java:143)- ==>  Preparing: select * from consult_order where oid = ? 
2021-05-03 23:56:11,235 [DEBUG] (BaseJdbcLogger.java:143)- ==> Parameters: 6a9d25911e364b88805edaf1008b6cda(String)
2021-05-03 23:56:11,236 [DEBUG] (BaseJdbcLogger.java:143)- <==      Total: 1
2021-05-03 23:56:11,348 [INFO] (WebSocketController.java:107)- [WebSocket] 收到消息：{"type":"getAllWeChatItemById","toUuid":"51a5f5684212455098b8ce270a448ef5","fromUuid":"d2af06fb600b4641ba6292871359bcb7","oid":"6a9d25911e364b88805edaf1008b6cda"}
2021-05-03 23:56:11,348 [INFO] (WebSocketController.java:123)- ==== websocket接收消息:{"type":"getAllWeChatItemById","toUuid":"51a5f5684212455098b8ce270a448ef5","fromUuid":"d2af06fb600b4641ba6292871359bcb7","oid":"6a9d25911e364b88805edaf1008b6cda"}
2021-05-03 23:56:11,349 [DEBUG] (BaseJdbcLogger.java:143)- ==>  Preparing: select id, from_uuid, to_uuid, message_type, message_content, time,oid,status from wechat_message_item where from_uuid = ? and to_uuid = ? and oid = ? or from_uuid = ? and to_uuid = ? and oid = ? 
2021-05-03 23:56:11,350 [DEBUG] (BaseJdbcLogger.java:143)- ==> Parameters: d2af06fb600b4641ba6292871359bcb7(String), 51a5f5684212455098b8ce270a448ef5(String), 6a9d25911e364b88805edaf1008b6cda(String), 51a5f5684212455098b8ce270a448ef5(String), d2af06fb600b4641ba6292871359bcb7(String), 6a9d25911e364b88805edaf1008b6cda(String)
2021-05-03 23:56:11,354 [DEBUG] (BaseJdbcLogger.java:143)- <==      Total: 4
2021-05-03 23:56:11,354 [INFO] (WebSocketController.java:146)- ====== getAllWeChatItemById ==== 返回数据{"toUuid":"51a5f5684212455098b8ce270a448ef5","data":[{"fromUuid":"d2af06fb600b4641ba6292871359bcb7","id":105,"messageContent":"aaa","messageType":0,"oid":"6a9d25911e364b88805edaf1008b6cda","status":0,"time":1620057032000,"toUuid":"51a5f5684212455098b8ce270a448ef5"},{"fromUuid":"d2af06fb600b4641ba6292871359bcb7","id":106,"messageContent":"bbbb","messageType":0,"oid":"6a9d25911e364b88805edaf1008b6cda","status":0,"time":1620057034000,"toUuid":"51a5f5684212455098b8ce270a448ef5"},{"fromUuid":"d2af06fb600b4641ba6292871359bcb7","id":107,"messageContent":"aaaa","messageType":0,"oid":"6a9d25911e364b88805edaf1008b6cda","status":0,"time":1620057036000,"toUuid":"51a5f5684212455098b8ce270a448ef5"},{"fromUuid":"d2af06fb600b4641ba6292871359bcb7","id":108,"messageContent":"aaaaa","messageType":0,"oid":"6a9d25911e364b88805edaf1008b6cda","status":0,"time":1620057038000,"toUuid":"51a5f5684212455098b8ce270a448ef5"}],"fromUuid":"d2af06fb600b4641ba6292871359bcb7","oid":"6a9d25911e364b88805edaf1008b6cda","type":"returnAllWeChatItemById"}
2021-05-03 23:56:20,012 [INFO] (WebSocketController.java:102)- [WebSocket] 退出成功，当前连接人数为：=0 当前在线人： {}
2021-05-03 23:56:21,257 [DEBUG] (BaseJdbcLogger.java:143)- ==>  Preparing: select user_id, age, credit_id, pregnant_type, pregnant_week, job, confinement_date, confinement_week, confinement_type, user_name, user_password, user_token, open_id,img_url,uuid from user where user_token = ? 
2021-05-03 23:56:21,258 [DEBUG] (BaseJdbcLogger.java:143)- ==> Parameters: b38d993a3ea844bbbf98f4dfa3499098(String)
2021-05-03 23:56:21,260 [DEBUG] (BaseJdbcLogger.java:143)- <==      Total: 1
2021-05-03 23:56:21,270 [DEBUG] (BaseJdbcLogger.java:143)- ==>  Preparing: select id, user_name, name, img_url, expert_in, imageText_cost, voice_cost, video_cost,open_id,uuid from doctor 
2021-05-03 23:56:21,270 [DEBUG] (BaseJdbcLogger.java:143)- ==> Parameters: 
2021-05-03 23:56:21,272 [DEBUG] (BaseJdbcLogger.java:143)- <==      Total: 4
2021-05-03 23:56:21,550 [DEBUG] (BaseJdbcLogger.java:143)- ==>  Preparing: select id, title, audioURL, category, cover_url from audio 
2021-05-03 23:56:21,551 [DEBUG] (BaseJdbcLogger.java:143)- ==> Parameters: 
2021-05-03 23:56:21,553 [DEBUG] (BaseJdbcLogger.java:143)- <==      Total: 4
2021-05-03 23:56:21,612 [DEBUG] (BaseJdbcLogger.java:143)- ==>  Preparing: select id, title, vedioURL, cover_url, category, description from vedio 
2021-05-03 23:56:21,613 [DEBUG] (BaseJdbcLogger.java:143)- ==> Parameters: 
2021-05-03 23:56:21,615 [DEBUG] (BaseJdbcLogger.java:143)- <==      Total: 2
2021-05-03 23:56:21,688 [DEBUG] (BaseJdbcLogger.java:143)- ==>  Preparing: select id, title, audioURL, category, cover_url from audio 
2021-05-03 23:56:21,689 [DEBUG] (BaseJdbcLogger.java:143)- ==> Parameters: 
2021-05-03 23:56:21,691 [DEBUG] (BaseJdbcLogger.java:143)- <==      Total: 4
2021-05-03 23:56:21,708 [DEBUG] (BaseJdbcLogger.java:143)- ==>  Preparing: select id, title, vedioURL, cover_url, category, description from vedio 
2021-05-03 23:56:21,709 [DEBUG] (BaseJdbcLogger.java:143)- ==> Parameters: 
2021-05-03 23:56:21,712 [DEBUG] (BaseJdbcLogger.java:143)- <==      Total: 2
2021-05-03 23:56:22,219 [WARN] (HttpUtil.java:58)- === get https://api.weixin.qq.com/sns/jscode2session?grant_type=authorization_code&appid=wxfbebd90d9bf59e52&secret=939f54b21647f5d6bf05feb58ece72bf&js_code=043Rgill24WQY64qnCml2qEeIB3RgilA 同步 success bodyMessage: {"errcode":40029,"errmsg":"invalid code, hints: [ req_id: 3lbch6qNe-L7jhya ]"}
2021-05-03 23:56:22,220 [DEBUG] (WXUtil.java:214)- === open_id: null===
2021-05-03 23:56:22,222 [INFO] (WebSocketController.java:96)- [WebSocket] 连接成功，当前连接人数:1
2021-05-03 23:56:24,628 [DEBUG] (BaseJdbcLogger.java:143)- ==>  Preparing: SELECT id, doctor_id, user_id, create_time, lasting_time, contact, contact_phone, symptom_description,consult_cost,status,oid,user_open_id,doctor_open_id,img_urls FROM consult_order WHERE user_id = ? and doctor_id = ? 
2021-05-03 23:56:24,628 [DEBUG] (BaseJdbcLogger.java:143)- ==> Parameters: 10(Integer), 1(Integer)
2021-05-03 23:56:24,630 [DEBUG] (BaseJdbcLogger.java:143)- <==      Total: 0
2021-05-03 23:56:27,883 [DEBUG] (BaseJdbcLogger.java:143)- ==>  Preparing: SELECT id, doctor_id, user_id, create_time, lasting_time, contact, contact_phone, symptom_description,consult_cost,status,oid,user_open_id,doctor_open_id,img_urls FROM consult_order WHERE user_id = ? and doctor_id = ? 
2021-05-03 23:56:27,885 [DEBUG] (BaseJdbcLogger.java:143)- ==> Parameters: 10(Integer), 4(Integer)
2021-05-03 23:56:27,890 [DEBUG] (BaseJdbcLogger.java:143)- <==      Total: 8
2021-05-03 23:56:27,971 [DEBUG] (BaseJdbcLogger.java:143)- ==>  Preparing: select * from consult_order where oid = ? 
2021-05-03 23:56:27,972 [DEBUG] (BaseJdbcLogger.java:143)- ==> Parameters: 6a9d25911e364b88805edaf1008b6cda(String)
2021-05-03 23:56:27,976 [DEBUG] (BaseJdbcLogger.java:143)- <==      Total: 1
2021-05-03 23:56:28,468 [INFO] (WebSocketController.java:107)- [WebSocket] 收到消息：{"type":"getAllWeChatItemById","toUuid":"51a5f5684212455098b8ce270a448ef5","fromUuid":"d2af06fb600b4641ba6292871359bcb7","oid":"6a9d25911e364b88805edaf1008b6cda"}
2021-05-03 23:56:28,469 [INFO] (WebSocketController.java:123)- ==== websocket接收消息:{"type":"getAllWeChatItemById","toUuid":"51a5f5684212455098b8ce270a448ef5","fromUuid":"d2af06fb600b4641ba6292871359bcb7","oid":"6a9d25911e364b88805edaf1008b6cda"}
2021-05-03 23:56:28,470 [DEBUG] (BaseJdbcLogger.java:143)- ==>  Preparing: select id, from_uuid, to_uuid, message_type, message_content, time,oid,status from wechat_message_item where from_uuid = ? and to_uuid = ? and oid = ? or from_uuid = ? and to_uuid = ? and oid = ? 
2021-05-03 23:56:28,471 [DEBUG] (BaseJdbcLogger.java:143)- ==> Parameters: d2af06fb600b4641ba6292871359bcb7(String), 51a5f5684212455098b8ce270a448ef5(String), 6a9d25911e364b88805edaf1008b6cda(String), 51a5f5684212455098b8ce270a448ef5(String), d2af06fb600b4641ba6292871359bcb7(String), 6a9d25911e364b88805edaf1008b6cda(String)
2021-05-03 23:56:28,475 [DEBUG] (BaseJdbcLogger.java:143)- <==      Total: 4
2021-05-03 23:56:28,476 [INFO] (WebSocketController.java:146)- ====== getAllWeChatItemById ==== 返回数据{"toUuid":"51a5f5684212455098b8ce270a448ef5","data":[{"fromUuid":"d2af06fb600b4641ba6292871359bcb7","id":105,"messageContent":"aaa","messageType":0,"oid":"6a9d25911e364b88805edaf1008b6cda","status":0,"time":1620057032000,"toUuid":"51a5f5684212455098b8ce270a448ef5"},{"fromUuid":"d2af06fb600b4641ba6292871359bcb7","id":106,"messageContent":"bbbb","messageType":0,"oid":"6a9d25911e364b88805edaf1008b6cda","status":0,"time":1620057034000,"toUuid":"51a5f5684212455098b8ce270a448ef5"},{"fromUuid":"d2af06fb600b4641ba6292871359bcb7","id":107,"messageContent":"aaaa","messageType":0,"oid":"6a9d25911e364b88805edaf1008b6cda","status":0,"time":1620057036000,"toUuid":"51a5f5684212455098b8ce270a448ef5"},{"fromUuid":"d2af06fb600b4641ba6292871359bcb7","id":108,"messageContent":"aaaaa","messageType":0,"oid":"6a9d25911e364b88805edaf1008b6cda","status":0,"time":1620057038000,"toUuid":"51a5f5684212455098b8ce270a448ef5"}],"fromUuid":"d2af06fb600b4641ba6292871359bcb7","oid":"6a9d25911e364b88805edaf1008b6cda","type":"returnAllWeChatItemById"}
2021-05-03 23:56:45,129 [INFO] (WebSocketController.java:102)- [WebSocket] 退出成功，当前连接人数为：=0 当前在线人： {}
2021-05-03 23:56:46,452 [DEBUG] (BaseJdbcLogger.java:143)- ==>  Preparing: select user_id, age, credit_id, pregnant_type, pregnant_week, job, confinement_date, confinement_week, confinement_type, user_name, user_password, user_token, open_id,img_url,uuid from user where user_token = ? 
2021-05-03 23:56:46,453 [DEBUG] (BaseJdbcLogger.java:143)- ==> Parameters: b38d993a3ea844bbbf98f4dfa3499098(String)
2021-05-03 23:56:46,455 [DEBUG] (BaseJdbcLogger.java:143)- <==      Total: 1
2021-05-03 23:56:46,464 [DEBUG] (BaseJdbcLogger.java:143)- ==>  Preparing: select id, user_name, name, img_url, expert_in, imageText_cost, voice_cost, video_cost,open_id,uuid from doctor 
2021-05-03 23:56:46,465 [DEBUG] (BaseJdbcLogger.java:143)- ==> Parameters: 
2021-05-03 23:56:46,468 [DEBUG] (BaseJdbcLogger.java:143)- <==      Total: 4
2021-05-03 23:56:46,653 [DEBUG] (BaseJdbcLogger.java:143)- ==>  Preparing: select id, title, audioURL, category, cover_url from audio 
2021-05-03 23:56:46,654 [DEBUG] (BaseJdbcLogger.java:143)- ==> Parameters: 
2021-05-03 23:56:46,656 [DEBUG] (BaseJdbcLogger.java:143)- <==      Total: 4
2021-05-03 23:56:46,895 [DEBUG] (BaseJdbcLogger.java:143)- ==>  Preparing: select id, title, vedioURL, cover_url, category, description from vedio 
2021-05-03 23:56:46,896 [DEBUG] (BaseJdbcLogger.java:143)- ==> Parameters: 
2021-05-03 23:56:46,899 [DEBUG] (BaseJdbcLogger.java:143)- <==      Total: 2
2021-05-03 23:56:47,002 [DEBUG] (BaseJdbcLogger.java:143)- ==>  Preparing: select id, title, audioURL, category, cover_url from audio 
2021-05-03 23:56:47,004 [DEBUG] (BaseJdbcLogger.java:143)- ==> Parameters: 
2021-05-03 23:56:47,006 [DEBUG] (BaseJdbcLogger.java:143)- <==      Total: 4
2021-05-03 23:56:47,029 [DEBUG] (BaseJdbcLogger.java:143)- ==>  Preparing: select id, title, vedioURL, cover_url, category, description from vedio 
2021-05-03 23:56:47,030 [DEBUG] (BaseJdbcLogger.java:143)- ==> Parameters: 
2021-05-03 23:56:47,031 [DEBUG] (BaseJdbcLogger.java:143)- <==      Total: 2
2021-05-03 23:56:47,592 [INFO] (WebSocketController.java:96)- [WebSocket] 连接成功，当前连接人数:1
2021-05-03 23:56:47,936 [WARN] (HttpUtil.java:58)- === get https://api.weixin.qq.com/sns/jscode2session?grant_type=authorization_code&appid=wxfbebd90d9bf59e52&secret=939f54b21647f5d6bf05feb58ece72bf&js_code=053ocKkl28ZiY64BCqnl2dbEXm3ocKkz 同步 success bodyMessage: {"errcode":40029,"errmsg":"invalid code, hints: [ req_id: 3lbc6zore-98UhFa ]"}
2021-05-03 23:56:47,936 [DEBUG] (WXUtil.java:214)- === open_id: null===
2021-05-03 23:56:50,205 [DEBUG] (BaseJdbcLogger.java:143)- ==>  Preparing: SELECT id, doctor_id, user_id, create_time, lasting_time, contact, contact_phone, symptom_description,consult_cost,status,oid,user_open_id,doctor_open_id,img_urls FROM consult_order WHERE user_id = ? and doctor_id = ? 
2021-05-03 23:56:50,206 [DEBUG] (BaseJdbcLogger.java:143)- ==> Parameters: 10(Integer), 4(Integer)
2021-05-03 23:56:50,209 [DEBUG] (BaseJdbcLogger.java:143)- <==      Total: 8
2021-05-03 23:56:50,304 [DEBUG] (BaseJdbcLogger.java:143)- ==>  Preparing: select * from consult_order where oid = ? 
2021-05-03 23:56:50,305 [DEBUG] (BaseJdbcLogger.java:143)- ==> Parameters: 6a9d25911e364b88805edaf1008b6cda(String)
2021-05-03 23:56:50,308 [DEBUG] (BaseJdbcLogger.java:143)- <==      Total: 1
2021-05-03 23:56:50,511 [INFO] (WebSocketController.java:107)- [WebSocket] 收到消息：{"type":"getAllWeChatItemById","toUuid":"51a5f5684212455098b8ce270a448ef5","fromUuid":"d2af06fb600b4641ba6292871359bcb7","oid":"6a9d25911e364b88805edaf1008b6cda"}
2021-05-03 23:56:50,512 [INFO] (WebSocketController.java:123)- ==== websocket接收消息:{"type":"getAllWeChatItemById","toUuid":"51a5f5684212455098b8ce270a448ef5","fromUuid":"d2af06fb600b4641ba6292871359bcb7","oid":"6a9d25911e364b88805edaf1008b6cda"}
2021-05-03 23:56:50,512 [DEBUG] (BaseJdbcLogger.java:143)- ==>  Preparing: select id, from_uuid, to_uuid, message_type, message_content, time,oid,status from wechat_message_item where from_uuid = ? and to_uuid = ? and oid = ? or from_uuid = ? and to_uuid = ? and oid = ? 
2021-05-03 23:56:50,513 [DEBUG] (BaseJdbcLogger.java:143)- ==> Parameters: d2af06fb600b4641ba6292871359bcb7(String), 51a5f5684212455098b8ce270a448ef5(String), 6a9d25911e364b88805edaf1008b6cda(String), 51a5f5684212455098b8ce270a448ef5(String), d2af06fb600b4641ba6292871359bcb7(String), 6a9d25911e364b88805edaf1008b6cda(String)
2021-05-03 23:56:50,517 [DEBUG] (BaseJdbcLogger.java:143)- <==      Total: 4
2021-05-03 23:56:50,518 [INFO] (WebSocketController.java:146)- ====== getAllWeChatItemById ==== 返回数据{"toUuid":"51a5f5684212455098b8ce270a448ef5","data":[{"fromUuid":"d2af06fb600b4641ba6292871359bcb7","id":105,"messageContent":"aaa","messageType":0,"oid":"6a9d25911e364b88805edaf1008b6cda","status":0,"time":1620057032000,"toUuid":"51a5f5684212455098b8ce270a448ef5"},{"fromUuid":"d2af06fb600b4641ba6292871359bcb7","id":106,"messageContent":"bbbb","messageType":0,"oid":"6a9d25911e364b88805edaf1008b6cda","status":0,"time":1620057034000,"toUuid":"51a5f5684212455098b8ce270a448ef5"},{"fromUuid":"d2af06fb600b4641ba6292871359bcb7","id":107,"messageContent":"aaaa","messageType":0,"oid":"6a9d25911e364b88805edaf1008b6cda","status":0,"time":1620057036000,"toUuid":"51a5f5684212455098b8ce270a448ef5"},{"fromUuid":"d2af06fb600b4641ba6292871359bcb7","id":108,"messageContent":"aaaaa","messageType":0,"oid":"6a9d25911e364b88805edaf1008b6cda","status":0,"time":1620057038000,"toUuid":"51a5f5684212455098b8ce270a448ef5"}],"fromUuid":"d2af06fb600b4641ba6292871359bcb7","oid":"6a9d25911e364b88805edaf1008b6cda","type":"returnAllWeChatItemById"}
2021-05-03 23:57:22,933 [INFO] (WebSocketController.java:102)- [WebSocket] 退出成功，当前连接人数为：=0 当前在线人： {}
2021-05-03 23:57:24,065 [DEBUG] (BaseJdbcLogger.java:143)- ==>  Preparing: select user_id, age, credit_id, pregnant_type, pregnant_week, job, confinement_date, confinement_week, confinement_type, user_name, user_password, user_token, open_id,img_url,uuid from user where user_token = ? 
2021-05-03 23:57:24,065 [DEBUG] (BaseJdbcLogger.java:143)- ==> Parameters: b38d993a3ea844bbbf98f4dfa3499098(String)
2021-05-03 23:57:24,067 [DEBUG] (BaseJdbcLogger.java:143)- <==      Total: 1
2021-05-03 23:57:24,080 [DEBUG] (BaseJdbcLogger.java:143)- ==>  Preparing: select id, user_name, name, img_url, expert_in, imageText_cost, voice_cost, video_cost,open_id,uuid from doctor 
2021-05-03 23:57:24,081 [DEBUG] (BaseJdbcLogger.java:143)- ==> Parameters: 
2021-05-03 23:57:24,084 [DEBUG] (BaseJdbcLogger.java:143)- <==      Total: 4
2021-05-03 23:57:24,222 [DEBUG] (BaseJdbcLogger.java:143)- ==>  Preparing: select id, title, audioURL, category, cover_url from audio 
2021-05-03 23:57:24,222 [DEBUG] (BaseJdbcLogger.java:143)- ==> Parameters: 
2021-05-03 23:57:24,224 [DEBUG] (BaseJdbcLogger.java:143)- <==      Total: 4
2021-05-03 23:57:24,444 [DEBUG] (BaseJdbcLogger.java:143)- ==>  Preparing: select id, title, vedioURL, cover_url, category, description from vedio 
2021-05-03 23:57:24,445 [DEBUG] (BaseJdbcLogger.java:143)- ==> Parameters: 
2021-05-03 23:57:24,448 [DEBUG] (BaseJdbcLogger.java:143)- <==      Total: 2
2021-05-03 23:57:24,549 [DEBUG] (BaseJdbcLogger.java:143)- ==>  Preparing: select id, title, audioURL, category, cover_url from audio 
2021-05-03 23:57:24,549 [DEBUG] (BaseJdbcLogger.java:143)- ==> Parameters: 
2021-05-03 23:57:24,553 [DEBUG] (BaseJdbcLogger.java:143)- <==      Total: 4
2021-05-03 23:57:24,584 [DEBUG] (BaseJdbcLogger.java:143)- ==>  Preparing: select id, title, vedioURL, cover_url, category, description from vedio 
2021-05-03 23:57:24,585 [DEBUG] (BaseJdbcLogger.java:143)- ==> Parameters: 
2021-05-03 23:57:24,588 [DEBUG] (BaseJdbcLogger.java:143)- <==      Total: 2
2021-05-03 23:57:25,152 [INFO] (WebSocketController.java:96)- [WebSocket] 连接成功，当前连接人数:1
2021-05-03 23:57:25,173 [WARN] (HttpUtil.java:58)- === get https://api.weixin.qq.com/sns/jscode2session?grant_type=authorization_code&appid=wxfbebd90d9bf59e52&secret=939f54b21647f5d6bf05feb58ece72bf&js_code=063gx30w3QJZiW2lvI0w3hwNHf2gx30V 同步 success bodyMessage: {"errcode":40029,"errmsg":"invalid code, hints: [ req_id: 4lbcdLyWf-8wp9mA ]"}
2021-05-03 23:57:25,173 [DEBUG] (WXUtil.java:214)- === open_id: null===
2021-05-03 23:57:26,878 [DEBUG] (BaseJdbcLogger.java:143)- ==>  Preparing: SELECT id, doctor_id, user_id, create_time, lasting_time, contact, contact_phone, symptom_description,consult_cost,status,oid,user_open_id,doctor_open_id,img_urls FROM consult_order WHERE user_id = ? and doctor_id = ? 
2021-05-03 23:57:26,879 [DEBUG] (BaseJdbcLogger.java:143)- ==> Parameters: 10(Integer), 4(Integer)
2021-05-03 23:57:26,883 [DEBUG] (BaseJdbcLogger.java:143)- <==      Total: 8
2021-05-03 23:57:26,941 [DEBUG] (BaseJdbcLogger.java:143)- ==>  Preparing: select * from consult_order where oid = ? 
2021-05-03 23:57:26,942 [DEBUG] (BaseJdbcLogger.java:143)- ==> Parameters: 6a9d25911e364b88805edaf1008b6cda(String)
2021-05-03 23:57:26,946 [DEBUG] (BaseJdbcLogger.java:143)- <==      Total: 1
2021-05-03 23:57:27,486 [INFO] (WebSocketController.java:107)- [WebSocket] 收到消息：{"type":"getAllWeChatItemById","toUuid":"51a5f5684212455098b8ce270a448ef5","fromUuid":"d2af06fb600b4641ba6292871359bcb7","oid":"6a9d25911e364b88805edaf1008b6cda"}
2021-05-03 23:57:27,486 [INFO] (WebSocketController.java:123)- ==== websocket接收消息:{"type":"getAllWeChatItemById","toUuid":"51a5f5684212455098b8ce270a448ef5","fromUuid":"d2af06fb600b4641ba6292871359bcb7","oid":"6a9d25911e364b88805edaf1008b6cda"}
2021-05-03 23:57:27,487 [DEBUG] (BaseJdbcLogger.java:143)- ==>  Preparing: select id, from_uuid, to_uuid, message_type, message_content, time,oid,status from wechat_message_item where from_uuid = ? and to_uuid = ? and oid = ? or from_uuid = ? and to_uuid = ? and oid = ? 
2021-05-03 23:57:27,488 [DEBUG] (BaseJdbcLogger.java:143)- ==> Parameters: d2af06fb600b4641ba6292871359bcb7(String), 51a5f5684212455098b8ce270a448ef5(String), 6a9d25911e364b88805edaf1008b6cda(String), 51a5f5684212455098b8ce270a448ef5(String), d2af06fb600b4641ba6292871359bcb7(String), 6a9d25911e364b88805edaf1008b6cda(String)
2021-05-03 23:57:27,490 [DEBUG] (BaseJdbcLogger.java:143)- <==      Total: 4
2021-05-03 23:57:27,491 [INFO] (WebSocketController.java:146)- ====== getAllWeChatItemById ==== 返回数据{"toUuid":"51a5f5684212455098b8ce270a448ef5","data":[{"fromUuid":"d2af06fb600b4641ba6292871359bcb7","id":105,"messageContent":"aaa","messageType":0,"oid":"6a9d25911e364b88805edaf1008b6cda","status":0,"time":1620057032000,"toUuid":"51a5f5684212455098b8ce270a448ef5"},{"fromUuid":"d2af06fb600b4641ba6292871359bcb7","id":106,"messageContent":"bbbb","messageType":0,"oid":"6a9d25911e364b88805edaf1008b6cda","status":0,"time":1620057034000,"toUuid":"51a5f5684212455098b8ce270a448ef5"},{"fromUuid":"d2af06fb600b4641ba6292871359bcb7","id":107,"messageContent":"aaaa","messageType":0,"oid":"6a9d25911e364b88805edaf1008b6cda","status":0,"time":1620057036000,"toUuid":"51a5f5684212455098b8ce270a448ef5"},{"fromUuid":"d2af06fb600b4641ba6292871359bcb7","id":108,"messageContent":"aaaaa","messageType":0,"oid":"6a9d25911e364b88805edaf1008b6cda","status":0,"time":1620057038000,"toUuid":"51a5f5684212455098b8ce270a448ef5"}],"fromUuid":"d2af06fb600b4641ba6292871359bcb7","oid":"6a9d25911e364b88805edaf1008b6cda","type":"returnAllWeChatItemById"}
