2020-11-03 18:57:04,897 [INFO] (StartupInfoLogger.java:50)- Starting BreastApplication on LAPTOP-562395R3 with PID 1844 (started by 爱哭的周小姐 in D:\桌面\breast\project\breastfeed\server\bfbackend)
2020-11-03 18:57:04,970 [DEBUG] (StartupInfoLogger.java:53)- Running with Spring Boot v2.1.9.RELEASE, Spring v5.1.10.RELEASE
2020-11-03 18:57:04,972 [INFO] (SpringApplication.java:648)- No active profile set, falling back to default profiles: default
2020-11-03 18:57:09,725 [INFO] (StartupInfoLogger.java:59)- Started BreastApplication in 5.948 seconds (JVM running for 10.37)
2020-11-03 18:57:54,953 [DEBUG] (BaseJdbcLogger.java:143)- ==>  Preparing: select id, user_name, name, img_url, expert_in, imageText_cost, voice_cost, video_cost,open_id from doctor 
2020-11-03 18:57:54,988 [DEBUG] (BaseJdbcLogger.java:143)- ==> Parameters: 
2020-11-03 18:57:55,063 [DEBUG] (BaseJdbcLogger.java:143)- <==      Total: 0
2020-11-03 18:57:55,263 [DEBUG] (BaseJdbcLogger.java:143)- ==>  Preparing: select id, title, audioURL, category, cover_url from audio 
2020-11-03 18:57:55,264 [DEBUG] (BaseJdbcLogger.java:143)- ==> Parameters: 
2020-11-03 18:57:55,274 [DEBUG] (BaseJdbcLogger.java:143)- <==      Total: 3
2020-11-03 18:57:55,275 [DEBUG] (BaseJdbcLogger.java:143)- ==>  Preparing: select id, title, vedioURL, cover_url, category, description from vedio 
2020-11-03 18:57:55,276 [DEBUG] (BaseJdbcLogger.java:143)- ==> Parameters: 
2020-11-03 18:57:55,287 [DEBUG] (BaseJdbcLogger.java:143)- <==      Total: 0
2020-11-03 19:00:01,632 [DEBUG] (BaseJdbcLogger.java:143)- ==>  Preparing: select id, user_name, name, img_url, expert_in, imageText_cost, voice_cost, video_cost,open_id from doctor 
2020-11-03 19:00:01,632 [DEBUG] (BaseJdbcLogger.java:143)- ==> Parameters: 
2020-11-03 19:00:01,636 [DEBUG] (BaseJdbcLogger.java:143)- <==      Total: 0
2020-11-03 19:00:03,473 [DEBUG] (BaseJdbcLogger.java:143)- ==>  Preparing: select id, title, vedioURL, cover_url, category, description from vedio 
2020-11-03 19:00:03,474 [DEBUG] (BaseJdbcLogger.java:143)- ==> Parameters: 
2020-11-03 19:00:03,484 [DEBUG] (BaseJdbcLogger.java:143)- <==      Total: 0
2020-11-03 19:00:03,493 [DEBUG] (BaseJdbcLogger.java:143)- ==>  Preparing: select id, title, audioURL, category, cover_url from audio 
2020-11-03 19:00:03,493 [DEBUG] (BaseJdbcLogger.java:143)- ==> Parameters: 
2020-11-03 19:00:03,499 [DEBUG] (BaseJdbcLogger.java:143)- <==      Total: 3
2020-11-03 19:00:03,589 [DEBUG] (BaseJdbcLogger.java:143)- ==>  Preparing: select id, title, description, img_url, category from article 
2020-11-03 19:00:03,592 [DEBUG] (BaseJdbcLogger.java:143)- ==> Parameters: 
2020-11-03 19:00:03,613 [DEBUG] (BaseJdbcLogger.java:143)- <==      Total: 0
2020-11-03 19:00:49,922 [INFO] (StartupInfoLogger.java:50)- Starting BreastApplication on LAPTOP-562395R3 with PID 1340 (started by 爱哭的周小姐 in D:\桌面\breast\project\breastfeed\server\bfbackend)
2020-11-03 19:00:49,931 [DEBUG] (StartupInfoLogger.java:53)- Running with Spring Boot v2.1.9.RELEASE, Spring v5.1.10.RELEASE
2020-11-03 19:00:49,932 [INFO] (SpringApplication.java:648)- No active profile set, falling back to default profiles: default
2020-11-03 19:00:53,050 [INFO] (StartupInfoLogger.java:59)- Started BreastApplication in 4.775 seconds (JVM running for 7.527)
2020-11-03 19:01:57,477 [DEBUG] (BaseJdbcLogger.java:143)- ==>  Preparing: select id, user_name, name, img_url, expert_in, imageText_cost, voice_cost, video_cost,open_id from doctor 
2020-11-03 19:01:57,510 [DEBUG] (BaseJdbcLogger.java:143)- ==> Parameters: 
2020-11-03 19:01:57,529 [DEBUG] (BaseJdbcLogger.java:143)- ==>  Preparing: select id, title, vedioURL, cover_url, category, description from vedio 
2020-11-03 19:01:57,530 [DEBUG] (BaseJdbcLogger.java:143)- ==> Parameters: 
2020-11-03 19:01:57,537 [DEBUG] (BaseJdbcLogger.java:143)- <==      Total: 0
2020-11-03 19:01:57,542 [DEBUG] (BaseJdbcLogger.java:143)- ==>  Preparing: select id, title, audioURL, category, cover_url from audio 
2020-11-03 19:01:57,542 [DEBUG] (BaseJdbcLogger.java:143)- ==> Parameters: 
2020-11-03 19:01:57,547 [DEBUG] (BaseJdbcLogger.java:143)- <==      Total: 0
2020-11-03 19:01:57,551 [DEBUG] (BaseJdbcLogger.java:143)- <==      Total: 3
2020-11-03 19:02:21,266 [DEBUG] (BaseJdbcLogger.java:143)- ==>  Preparing: select id, t_title, img_url, content from test 
2020-11-03 19:02:21,268 [DEBUG] (BaseJdbcLogger.java:143)- ==> Parameters: 
2020-11-03 19:37:39,537 [DEBUG] (BaseJdbcLogger.java:143)- ==>  Preparing: select id, user_name, name, img_url, expert_in, imageText_cost, voice_cost, video_cost,open_id from doctor 
2020-11-03 19:37:39,542 [DEBUG] (BaseJdbcLogger.java:143)- ==> Parameters: 
2020-11-03 19:37:39,548 [DEBUG] (BaseJdbcLogger.java:143)- <==      Total: 0
2020-11-03 19:37:41,045 [DEBUG] (BaseJdbcLogger.java:143)- ==>  Preparing: select id, title, audioURL, category, cover_url from audio 
2020-11-03 19:37:41,049 [DEBUG] (BaseJdbcLogger.java:143)- ==> Parameters: 
2020-11-03 19:37:41,054 [DEBUG] (BaseJdbcLogger.java:143)- <==      Total: 3
2020-11-03 19:37:41,055 [DEBUG] (BaseJdbcLogger.java:143)- ==>  Preparing: select id, title, vedioURL, cover_url, category, description from vedio 
2020-11-03 19:37:41,055 [DEBUG] (BaseJdbcLogger.java:143)- ==> Parameters: 
2020-11-03 19:37:41,060 [DEBUG] (BaseJdbcLogger.java:143)- <==      Total: 0
